This is pdfTeX, Version 3.141592653-2.6-1.40.23 (TeX Live 2022/dev) (preloaded format=pdflatex 2022.1.20)  23 JAN 2022 19:23
entering extended mode
 restricted \write18 enabled.
 %&-line parsing enabled.
**Cas2Final.tex
(./Cas2Final.tex
LaTeX2e <2021-06-01> patch level 1
L3 programming layer <2021-08-27> (/Users/Sergio/Library/TinyTeX/texmf-dist/tex
/latex/base/article.cls
Document Class: article 2021/02/12 v1.4n Standard LaTeX document class
(/Users/Sergio/Library/TinyTeX/texmf-dist/tex/latex/base/size10.clo
File: size10.clo 2021/02/12 v1.4n Standard LaTeX file (size option)
)
\c@part=\count182
\c@section=\count183
\c@subsection=\count184
\c@subsubsection=\count185
\c@paragraph=\count186
\c@subparagraph=\count187
\c@figure=\count188
\c@table=\count189
\abovecaptionskip=\skip47
\belowcaptionskip=\skip48
\bibindent=\dimen138
) (/Users/Sergio/Library/TinyTeX/texmf-dist/tex/latex/amsmath/amsmath.sty
Package: amsmath 2021/04/20 v2.17j AMS math features
\@mathmargin=\skip49
For additional information on amsmath, use the `?' option.
(/Users/Sergio/Library/TinyTeX/texmf-dist/tex/latex/amsmath/amstext.sty
Package: amstext 2000/06/29 v2.01 AMS text
(/Users/Sergio/Library/TinyTeX/texmf-dist/tex/latex/amsmath/amsgen.sty
File: amsgen.sty 1999/11/30 v2.0 generic functions
\@emptytoks=\toks16
\ex@=\dimen139
)) (/Users/Sergio/Library/TinyTeX/texmf-dist/tex/latex/amsmath/amsbsy.sty
Package: amsbsy 1999/11/29 v1.2d Bold Symbols
\pmbraise@=\dimen140
) (/Users/Sergio/Library/TinyTeX/texmf-dist/tex/latex/amsmath/amsopn.sty
Package: amsopn 2016/03/08 v2.02 operator names
)
\inf@bad=\count190
LaTeX Info: Redefining \frac on input line 234.
\uproot@=\count191
\leftroot@=\count192
LaTeX Info: Redefining \overline on input line 399.
\classnum@=\count193
\DOTSCASE@=\count194
LaTeX Info: Redefining \ldots on input line 496.
LaTeX Info: Redefining \dots on input line 499.
LaTeX Info: Redefining \cdots on input line 620.
\Mathstrutbox@=\box50
\strutbox@=\box51
\big@size=\dimen141
LaTeX Font Info:    Redeclaring font encoding OML on input line 743.
LaTeX Font Info:    Redeclaring font encoding OMS on input line 744.
\macc@depth=\count195
\c@MaxMatrixCols=\count196
\dotsspace@=\muskip16
\c@parentequation=\count197
\dspbrk@lvl=\count198
\tag@help=\toks17
\row@=\count199
\column@=\count266
\maxfields@=\count267
\andhelp@=\toks18
\eqnshift@=\dimen142
\alignsep@=\dimen143
\tagshift@=\dimen144
\tagwidth@=\dimen145
\totwidth@=\dimen146
\lineht@=\dimen147
\@envbody=\toks19
\multlinegap=\skip50
\multlinetaggap=\skip51
\mathdisplay@stack=\toks20
LaTeX Info: Redefining \[ on input line 2923.
LaTeX Info: Redefining \] on input line 2924.
) (/Users/Sergio/Library/TinyTeX/texmf-dist/tex/latex/amsfonts/amssymb.sty
Package: amssymb 2013/01/14 v3.01 AMS font symbols
(/Users/Sergio/Library/TinyTeX/texmf-dist/tex/latex/amsfonts/amsfonts.sty
Package: amsfonts 2013/01/14 v3.01 Basic AMSFonts support
\symAMSa=\mathgroup4
\symAMSb=\mathgroup5
LaTeX Font Info:    Redeclaring math symbol \hbar on input line 98.
LaTeX Font Info:    Overwriting math alphabet `\mathfrak' in version `bold'
(Font)                  U/euf/m/n --> U/euf/b/n on input line 106.
)) (/Users/Sergio/Library/TinyTeX/texmf-dist/tex/latex/lm/lmodern.sty
Package: lmodern 2015/05/01 v1.6.1 Latin Modern Fonts
LaTeX Font Info:    Overwriting symbol font `operators' in version `normal'
(Font)                  OT1/cmr/m/n --> OT1/lmr/m/n on input line 22.
LaTeX Font Info:    Overwriting symbol font `letters' in version `normal'
(Font)                  OML/cmm/m/it --> OML/lmm/m/it on input line 23.
LaTeX Font Info:    Overwriting symbol font `symbols' in version `normal'
(Font)                  OMS/cmsy/m/n --> OMS/lmsy/m/n on input line 24.
LaTeX Font Info:    Overwriting symbol font `largesymbols' in version `normal'
(Font)                  OMX/cmex/m/n --> OMX/lmex/m/n on input line 25.
LaTeX Font Info:    Overwriting symbol font `operators' in version `bold'
(Font)                  OT1/cmr/bx/n --> OT1/lmr/bx/n on input line 26.
LaTeX Font Info:    Overwriting symbol font `letters' in version `bold'
(Font)                  OML/cmm/b/it --> OML/lmm/b/it on input line 27.
LaTeX Font Info:    Overwriting symbol font `symbols' in version `bold'
(Font)                  OMS/cmsy/b/n --> OMS/lmsy/b/n on input line 28.
LaTeX Font Info:    Overwriting symbol font `largesymbols' in version `bold'
(Font)                  OMX/cmex/m/n --> OMX/lmex/m/n on input line 29.
LaTeX Font Info:    Overwriting math alphabet `\mathbf' in version `normal'
(Font)                  OT1/cmr/bx/n --> OT1/lmr/bx/n on input line 31.
LaTeX Font Info:    Overwriting math alphabet `\mathsf' in version `normal'
(Font)                  OT1/cmss/m/n --> OT1/lmss/m/n on input line 32.
LaTeX Font Info:    Overwriting math alphabet `\mathit' in version `normal'
(Font)                  OT1/cmr/m/it --> OT1/lmr/m/it on input line 33.
LaTeX Font Info:    Overwriting math alphabet `\mathtt' in version `normal'
(Font)                  OT1/cmtt/m/n --> OT1/lmtt/m/n on input line 34.
LaTeX Font Info:    Overwriting math alphabet `\mathbf' in version `bold'
(Font)                  OT1/cmr/bx/n --> OT1/lmr/bx/n on input line 35.
LaTeX Font Info:    Overwriting math alphabet `\mathsf' in version `bold'
(Font)                  OT1/cmss/bx/n --> OT1/lmss/bx/n on input line 36.
LaTeX Font Info:    Overwriting math alphabet `\mathit' in version `bold'
(Font)                  OT1/cmr/bx/it --> OT1/lmr/bx/it on input line 37.
LaTeX Font Info:    Overwriting math alphabet `\mathtt' in version `bold'
(Font)                  OT1/cmtt/m/n --> OT1/lmtt/m/n on input line 38.
) (/Users/Sergio/Library/TinyTeX/texmf-dist/tex/generic/iftex/ifxetex.sty
Package: ifxetex 2019/10/25 v0.7 ifxetex legacy package. Use iftex instead.
(/Users/Sergio/Library/TinyTeX/texmf-dist/tex/generic/iftex/iftex.sty
Package: iftex 2020/03/06 v1.0d TeX engine tests
)) (/Users/Sergio/Library/TinyTeX/texmf-dist/tex/generic/iftex/ifluatex.sty
Package: ifluatex 2019/10/25 v1.5 ifluatex legacy package. Use iftex instead.
) (/Users/Sergio/Library/TinyTeX/texmf-dist/tex/latex/base/fontenc.sty
Package: fontenc 2021/04/29 v2.0v Standard LaTeX package
LaTeX Font Info:    Trying to load font information for T1+lmr on input line 11
2.
(/Users/Sergio/Library/TinyTeX/texmf-dist/tex/latex/lm/t1lmr.fd
File: t1lmr.fd 2015/05/01 v1.6.1 Font defs for Latin Modern
)) (/Users/Sergio/Library/TinyTeX/texmf-dist/tex/latex/base/inputenc.sty
Package: inputenc 2021/02/14 v1.3d Input encoding file
\inpenc@prehook=\toks21
\inpenc@posthook=\toks22
) (/Users/Sergio/Library/TinyTeX/texmf-dist/tex/latex/base/textcomp.sty
Package: textcomp 2020/02/02 v2.0n Standard LaTeX package
) (/Users/Sergio/Library/TinyTeX/texmf-dist/tex/latex/xcolor/xcolor.sty
Package: xcolor 2016/05/11 v2.12 LaTeX color extensions (UK)
(/Users/Sergio/Library/TinyTeX/texmf-dist/tex/latex/graphics-cfg/color.cfg
File: color.cfg 2016/01/02 v1.6 sample color configuration
)
Package xcolor Info: Driver file: pdftex.def on input line 225.
(/Users/Sergio/Library/TinyTeX/texmf-dist/tex/latex/graphics-def/pdftex.def
File: pdftex.def 2020/10/05 v1.2a Graphics/color driver for pdftex
)
Package xcolor Info: Model `cmy' substituted by `cmy0' on input line 1348.
Package xcolor Info: Model `hsb' substituted by `rgb' on input line 1352.
Package xcolor Info: Model `RGB' extended on input line 1364.
Package xcolor Info: Model `HTML' substituted by `rgb' on input line 1366.
Package xcolor Info: Model `Hsb' substituted by `hsb' on input line 1367.
Package xcolor Info: Model `tHsb' substituted by `hsb' on input line 1368.
Package xcolor Info: Model `HSB' substituted by `hsb' on input line 1369.
Package xcolor Info: Model `Gray' substituted by `gray' on input line 1370.
Package xcolor Info: Model `wave' substituted by `hsb' on input line 1371.
) (/Users/Sergio/Library/TinyTeX/texmf-dist/tex/latex/hyperref/hyperref.sty
Package: hyperref 2021-06-07 v7.00m Hypertext links for LaTeX
(/Users/Sergio/Library/TinyTeX/texmf-dist/tex/generic/ltxcmds/ltxcmds.sty
Package: ltxcmds 2020-05-10 v1.25 LaTeX kernel commands for general use (HO)
)
(/Users/Sergio/Library/TinyTeX/texmf-dist/tex/generic/pdftexcmds/pdftexcmds.sty
Package: pdftexcmds 2020-06-27 v0.33 Utility functions of pdfTeX for LuaTeX (HO
)
(/Users/Sergio/Library/TinyTeX/texmf-dist/tex/generic/infwarerr/infwarerr.sty
Package: infwarerr 2019/12/03 v1.5 Providing info/warning/error messages (HO)
)
Package pdftexcmds Info: \pdf@primitive is available.
Package pdftexcmds Info: \pdf@ifprimitive is available.
Package pdftexcmds Info: \pdfdraftmode found.
) (/Users/Sergio/Library/TinyTeX/texmf-dist/tex/latex/graphics/keyval.sty
Package: keyval 2014/10/28 v1.15 key=value parser (DPC)
\KV@toks@=\toks23
) (/Users/Sergio/Library/TinyTeX/texmf-dist/tex/generic/kvsetkeys/kvsetkeys.sty
Package: kvsetkeys 2019/12/15 v1.18 Key value parser (HO)
)
(/Users/Sergio/Library/TinyTeX/texmf-dist/tex/generic/kvdefinekeys/kvdefinekeys
.sty
Package: kvdefinekeys 2019-12-19 v1.6 Define keys (HO)
) (/Users/Sergio/Library/TinyTeX/texmf-dist/tex/generic/pdfescape/pdfescape.sty
Package: pdfescape 2019/12/09 v1.15 Implements pdfTeX's escape features (HO)
) (/Users/Sergio/Library/TinyTeX/texmf-dist/tex/latex/hycolor/hycolor.sty
Package: hycolor 2020-01-27 v1.10 Color options for hyperref/bookmark (HO)
)
(/Users/Sergio/Library/TinyTeX/texmf-dist/tex/latex/letltxmacro/letltxmacro.sty
Package: letltxmacro 2019/12/03 v1.6 Let assignment for LaTeX macros (HO)
) (/Users/Sergio/Library/TinyTeX/texmf-dist/tex/latex/auxhook/auxhook.sty
Package: auxhook 2019-12-17 v1.6 Hooks for auxiliary files (HO)
) (/Users/Sergio/Library/TinyTeX/texmf-dist/tex/latex/kvoptions/kvoptions.sty
Package: kvoptions 2020-10-07 v3.14 Key value format for package options (HO)
)
\@linkdim=\dimen148
\Hy@linkcounter=\count268
\Hy@pagecounter=\count269
(/Users/Sergio/Library/TinyTeX/texmf-dist/tex/latex/hyperref/pd1enc.def
File: pd1enc.def 2021-06-07 v7.00m Hyperref: PDFDocEncoding definition (HO)
Now handling font encoding PD1 ...
... no UTF-8 mapping file for font encoding PD1
)
(/Users/Sergio/Library/TinyTeX/texmf-dist/tex/latex/hyperref/hyperref-langpatch
es.def
File: hyperref-langpatches.def 2021-06-07 v7.00m Hyperref: patches for babel la
nguages
) (/Users/Sergio/Library/TinyTeX/texmf-dist/tex/generic/intcalc/intcalc.sty
Package: intcalc 2019/12/15 v1.3 Expandable calculations with integers (HO)
) (/Users/Sergio/Library/TinyTeX/texmf-dist/tex/generic/etexcmds/etexcmds.sty
Package: etexcmds 2019/12/15 v1.7 Avoid name clashes with e-TeX commands (HO)
)
\Hy@SavedSpaceFactor=\count270
(/Users/Sergio/Library/TinyTeX/texmf-dist/tex/latex/hyperref/puenc.def
File: puenc.def 2021-06-07 v7.00m Hyperref: PDF Unicode definition (HO)
Now handling font encoding PU ...
... no UTF-8 mapping file for font encoding PU
)
Package hyperref Info: Option `unicode' set `true' on input line 4073.
Package hyperref Info: Hyper figures OFF on input line 4192.
Package hyperref Info: Link nesting OFF on input line 4197.
Package hyperref Info: Hyper index ON on input line 4200.
Package hyperref Info: Plain pages OFF on input line 4207.
Package hyperref Info: Backreferencing OFF on input line 4212.
Package hyperref Info: Implicit mode ON; LaTeX internals redefined.
Package hyperref Info: Bookmarks ON on input line 4445.
\c@Hy@tempcnt=\count271
(/Users/Sergio/Library/TinyTeX/texmf-dist/tex/latex/url/url.sty
\Urlmuskip=\muskip17
Package: url 2013/09/16  ver 3.4  Verb mode for urls, etc.
)
LaTeX Info: Redefining \url on input line 4804.
\XeTeXLinkMargin=\dimen149
(/Users/Sergio/Library/TinyTeX/texmf-dist/tex/generic/bitset/bitset.sty
Package: bitset 2019/12/09 v1.3 Handle bit-vector datatype (HO)

(/Users/Sergio/Library/TinyTeX/texmf-dist/tex/generic/bigintcalc/bigintcalc.sty
Package: bigintcalc 2019/12/15 v1.5 Expandable calculations on big integers (HO
)
))
\Fld@menulength=\count272
\Field@Width=\dimen150
\Fld@charsize=\dimen151
Package hyperref Info: Hyper figures OFF on input line 6076.
Package hyperref Info: Link nesting OFF on input line 6081.
Package hyperref Info: Hyper index ON on input line 6084.
Package hyperref Info: backreferencing OFF on input line 6091.
Package hyperref Info: Link coloring OFF on input line 6096.
Package hyperref Info: Link coloring with OCG OFF on input line 6101.
Package hyperref Info: PDF/A mode OFF on input line 6106.
LaTeX Info: Redefining \ref on input line 6146.
LaTeX Info: Redefining \pageref on input line 6150.
(/Users/Sergio/Library/TinyTeX/texmf-dist/tex/latex/base/atbegshi-ltx.sty
Package: atbegshi-ltx 2021/01/10 v1.0c Emulation of the original atbegshi
package with kernel methods
)
\Hy@abspage=\count273
\c@Item=\count274
\c@Hfootnote=\count275
)
Package hyperref Info: Driver (autodetected): hpdftex.
(/Users/Sergio/Library/TinyTeX/texmf-dist/tex/latex/hyperref/hpdftex.def
File: hpdftex.def 2021-06-07 v7.00m Hyperref driver for pdfTeX
(/Users/Sergio/Library/TinyTeX/texmf-dist/tex/latex/base/atveryend-ltx.sty
Package: atveryend-ltx 2020/08/19 v1.0a Emulation of the original atvery packag
e
with kernel methods
)
\Fld@listcount=\count276
\c@bookmark@seq@number=\count277

(/Users/Sergio/Library/TinyTeX/texmf-dist/tex/latex/rerunfilecheck/rerunfileche
ck.sty
Package: rerunfilecheck 2019/12/05 v1.9 Rerun checks for auxiliary files (HO)

(/Users/Sergio/Library/TinyTeX/texmf-dist/tex/generic/uniquecounter/uniquecount
er.sty
Package: uniquecounter 2019/12/15 v1.4 Provide unlimited unique counter (HO)
)
Package uniquecounter Info: New unique counter `rerunfilecheck' on input line 2
86.
)
\Hy@SectionHShift=\skip52
) (/Users/Sergio/Library/TinyTeX/texmf-dist/tex/latex/geometry/geometry.sty
Package: geometry 2020/01/02 v5.9 Page Geometry
(/Users/Sergio/Library/TinyTeX/texmf-dist/tex/generic/iftex/ifvtex.sty
Package: ifvtex 2019/10/25 v1.7 ifvtex legacy package. Use iftex instead.
)
\Gm@cnth=\count278
\Gm@cntv=\count279
\c@Gm@tempcnt=\count280
\Gm@bindingoffset=\dimen152
\Gm@wd@mp=\dimen153
\Gm@odd@mp=\dimen154
\Gm@even@mp=\dimen155
\Gm@layoutwidth=\dimen156
\Gm@layoutheight=\dimen157
\Gm@layouthoffset=\dimen158
\Gm@layoutvoffset=\dimen159
\Gm@dimlist=\toks24
) (/Users/Sergio/Library/TinyTeX/texmf-dist/tex/latex/tools/longtable.sty
Package: longtable 2021-05-07 v4.16 Multi-page Table package (DPC)
\LTleft=\skip53
\LTright=\skip54
\LTpre=\skip55
\LTpost=\skip56
\LTchunksize=\count281
\LTcapwidth=\dimen160
\LT@head=\box52
\LT@firsthead=\box53
\LT@foot=\box54
\LT@lastfoot=\box55
\LT@gbox=\box56
\LT@cols=\count282
\LT@rows=\count283
\c@LT@tables=\count284
\c@LT@chunks=\count285
\LT@p@ftn=\toks25
) (/Users/Sergio/Library/TinyTeX/texmf-dist/tex/latex/booktabs/booktabs.sty
Package: booktabs 2020/01/12 v1.61803398 Publication quality tables
\heavyrulewidth=\dimen161
\lightrulewidth=\dimen162
\cmidrulewidth=\dimen163
\belowrulesep=\dimen164
\belowbottomsep=\dimen165
\aboverulesep=\dimen166
\abovetopsep=\dimen167
\cmidrulesep=\dimen168
\cmidrulekern=\dimen169
\defaultaddspace=\dimen170
\@cmidla=\count286
\@cmidlb=\count287
\@aboverulesep=\dimen171
\@belowrulesep=\dimen172
\@thisruleclass=\count288
\@lastruleclass=\count289
\@thisrulewidth=\dimen173
) (/Users/Sergio/Library/TinyTeX/texmf-dist/tex/latex/tools/array.sty
Package: array 2021/04/20 v2.5e Tabular extension package (FMi)
\col@sep=\dimen174
\ar@mcellbox=\box57
\extrarowheight=\dimen175
\NC@list=\toks26
\extratabsurround=\skip57
\backup@length=\skip58
\ar@cellbox=\box58
) (/Users/Sergio/Library/TinyTeX/texmf-dist/tex/latex/tools/calc.sty
Package: calc 2017/05/25 v4.3 Infix arithmetic (KKT,FJ)
\calc@Acount=\count290
\calc@Bcount=\count291
\calc@Adimen=\dimen176
\calc@Bdimen=\dimen177
\calc@Askip=\skip59
\calc@Bskip=\skip60
LaTeX Info: Redefining \setlength on input line 80.
LaTeX Info: Redefining \addtolength on input line 81.
\calc@Ccount=\count292
\calc@Cskip=\skip61
) (/Users/Sergio/Library/TinyTeX/texmf-dist/tex/latex/etoolbox/etoolbox.sty
Package: etoolbox 2020/10/05 v2.5k e-TeX tools for LaTeX (JAW)
\etb@tempcnta=\count293
) (/Users/Sergio/Library/TinyTeX/texmf-dist/tex/latex/mdwtools/footnote.sty
Package: footnote 1997/01/28 1.13 Save footnotes around boxes
\fn@notes=\box59
\fn@width=\dimen178
) (/Users/Sergio/Library/TinyTeX/texmf-dist/tex/latex/graphics/graphicx.sty
Package: graphicx 2020/12/05 v1.2c Enhanced LaTeX Graphics (DPC,SPQR)
(/Users/Sergio/Library/TinyTeX/texmf-dist/tex/latex/graphics/graphics.sty
Package: graphics 2021/03/04 v1.4d Standard LaTeX Graphics (DPC,SPQR)
(/Users/Sergio/Library/TinyTeX/texmf-dist/tex/latex/graphics/trig.sty
Package: trig 2016/01/03 v1.10 sin cos tan (DPC)
) (/Users/Sergio/Library/TinyTeX/texmf-dist/tex/latex/graphics-cfg/graphics.cfg
File: graphics.cfg 2016/06/04 v1.11 sample graphics configuration
)
Package graphics Info: Driver file: pdftex.def on input line 107.
)
\Gin@req@height=\dimen179
\Gin@req@width=\dimen180
) (/Users/Sergio/Library/TinyTeX/texmf-dist/tex/generic/babel/babel.sty
Package: babel 2021/07/22 3.63 The Babel package
(/Users/Sergio/Library/TinyTeX/texmf-dist/tex/generic/babel/babel.def
File: babel.def 2021/07/22 3.63 Babel common definitions
\babel@savecnt=\count294
\U@D=\dimen181
\l@unhyphenated=\language4
(/Users/Sergio/Library/TinyTeX/texmf-dist/tex/generic/babel/txtbabel.def)
\bbl@readstream=\read2
)
\bbl@dirlevel=\count295

(/Users/Sergio/Library/TinyTeX/texmf-dist/tex/generic/babel-spanish/spanish.ldf
Language: spanish.ldf 2021/05/27 v5.0q Spanish support from the babel system
\es@quottoks=\toks27
\es@quotdepth=\count296
Package babel Info: Making " an active character on input line 570.
Package babel Info: Making . an active character on input line 675.
Package babel Info: Making < an active character on input line 722.
Package babel Info: Making > an active character on input line 722.
)) (/Users/Sergio/Library/TinyTeX/texmf-dist/tex/latex/multirow/multirow.sty
Package: multirow 2021/03/15 v2.8 Span multiple rows of a table
\multirow@colwidth=\skip62
\multirow@cntb=\count297
\multirow@dima=\skip63
\bigstrutjot=\dimen182
) (/Users/Sergio/Library/TinyTeX/texmf-dist/tex/latex/float/float.sty
Package: float 2001/11/08 v1.3d Float enhancements (AL)
\c@float@type=\count298
\float@exts=\toks28
\float@box=\box60
\@float@everytoks=\toks29
\@floatcapt=\box61
) (/Users/Sergio/Library/TinyTeX/texmf-dist/tex/latex/setspace/setspace.sty
Package: setspace 2011/12/19 v6.7a set line spacing
) (/Users/Sergio/Library/TinyTeX/texmf-dist/tex/latex/lipsum/lipsum.sty
(/Users/Sergio/Library/TinyTeX/texmf-dist/tex/latex/l3packages/l3keys2e/l3keys2
e.sty (/Users/Sergio/Library/TinyTeX/texmf-dist/tex/latex/l3kernel/expl3.sty
Package: expl3 2021-08-27 L3 programming layer (loader) 

(/Users/Sergio/Library/TinyTeX/texmf-dist/tex/latex/l3backend/l3backend-pdftex.
def
File: l3backend-pdftex.def 2021-08-04 L3 backend support: PDF output (pdfTeX)
\l__color_backend_stack_int=\count299
\l__pdf_internal_box=\box62
))
Package: l3keys2e 2021-08-27 LaTeX2e option processing using LaTeX3 keys
)
Package: lipsum 2021-08-01 v2.5 150 paragraphs of Lorem Ipsum dummy text
\g__lipsum_par_int=\count300
\l__lipsum_a_int=\count301
\l__lipsum_b_int=\count302
(/Users/Sergio/Library/TinyTeX/texmf-dist/tex/latex/lipsum/lipsum.ltd.tex))
   defining Unicode char U+0301 (decimal 769)
\cslhangindent=\skip64
\csllabelwidth=\skip65
(./Cas2Final.aux
LaTeX Info: Redefining \. on input line 25.
LaTeX Info: Redefining \% on input line 25.
)
\openout1 = `Cas2Final.aux'.

LaTeX Font Info:    Checking defaults for OML/cmm/m/it on input line 99.
LaTeX Font Info:    ... okay on input line 99.
LaTeX Font Info:    Checking defaults for OMS/cmsy/m/n on input line 99.
LaTeX Font Info:    ... okay on input line 99.
LaTeX Font Info:    Checking defaults for OT1/cmr/m/n on input line 99.
LaTeX Font Info:    ... okay on input line 99.
LaTeX Font Info:    Checking defaults for T1/cmr/m/n on input line 99.
LaTeX Font Info:    ... okay on input line 99.
LaTeX Font Info:    Checking defaults for TS1/cmr/m/n on input line 99.
LaTeX Font Info:    ... okay on input line 99.
LaTeX Font Info:    Checking defaults for OMX/cmex/m/n on input line 99.
LaTeX Font Info:    ... okay on input line 99.
LaTeX Font Info:    Checking defaults for U/cmr/m/n on input line 99.
LaTeX Font Info:    ... okay on input line 99.
LaTeX Font Info:    Checking defaults for PD1/pdf/m/n on input line 99.
LaTeX Font Info:    ... okay on input line 99.
LaTeX Font Info:    Checking defaults for PU/pdf/m/n on input line 99.
LaTeX Font Info:    ... okay on input line 99.

(/Users/Sergio/Library/TinyTeX/texmf-dist/tex/latex/epstopdf-pkg/epstopdf-base.
sty
Package: epstopdf-base 2020-01-24 v2.11 Base part for package epstopdf
Package epstopdf-base Info: Redefining graphics rule for `.eps' on input line 4
85.

(/Users/Sergio/Library/TinyTeX/texmf-dist/tex/latex/latexconfig/epstopdf-sys.cf
g
File: epstopdf-sys.cfg 2010/07/13 v1.3 Configuration of (r)epstopdf for TeX Liv
e
))
Package hyperref Info: Link coloring OFF on input line 99.
(/Users/Sergio/Library/TinyTeX/texmf-dist/tex/latex/hyperref/nameref.sty
Package: nameref 2021-04-02 v2.47 Cross-referencing by name of section
(/Users/Sergio/Library/TinyTeX/texmf-dist/tex/latex/refcount/refcount.sty
Package: refcount 2019/12/15 v3.6 Data extraction from label references (HO)
)
(/Users/Sergio/Library/TinyTeX/texmf-dist/tex/generic/gettitlestring/gettitlest
ring.sty
Package: gettitlestring 2019/12/15 v1.6 Cleanup title references (HO)
)
\c@section@level=\count303
)
LaTeX Info: Redefining \ref on input line 99.
LaTeX Info: Redefining \pageref on input line 99.
LaTeX Info: Redefining \nameref on input line 99.
(./Cas2Final.out) (./Cas2Final.out)
\@outlinefile=\write3
\openout3 = `Cas2Final.out'.

*geometry* driver: auto-detecting
*geometry* detected driver: pdftex
*geometry* verbose mode - [ preamble ] result:
* driver: pdftex
* paper: <default>
* layout: <same size as paper>
* layoutoffset:(h,v)=(0.0pt,0.0pt)
* modes: 
* h-part:(L,W,R)=(72.26999pt, 469.75502pt, 72.26999pt)
* v-part:(T,H,B)=(72.26999pt, 650.43001pt, 72.26999pt)
* \paperwidth=614.295pt
* \paperheight=794.96999pt
* \textwidth=469.75502pt
* \textheight=650.43001pt
* \oddsidemargin=0.0pt
* \evensidemargin=0.0pt
* \topmargin=-37.0pt
* \headheight=12.0pt
* \headsep=25.0pt
* \topskip=10.0pt
* \footskip=30.0pt
* \marginparwidth=65.0pt
* \marginparsep=11.0pt
* \columnsep=10.0pt
* \skip\footins=9.0pt plus 4.0pt minus 2.0pt
* \hoffset=0.0pt
* \voffset=0.0pt
* \mag=1000
* \@twocolumnfalse
* \@twosidefalse
* \@mparswitchfalse
* \@reversemarginfalse
* (1in=72.27pt=25.4mm, 1cm=28.453pt)

LaTeX Info: Redefining \. on input line 99.
LaTeX Info: Redefining \% on input line 99.
LaTeX Font Info:    Trying to load font information for OT1+lmr on input line 1
01.
(/Users/Sergio/Library/TinyTeX/texmf-dist/tex/latex/lm/ot1lmr.fd
File: ot1lmr.fd 2015/05/01 v1.6.1 Font defs for Latin Modern
)
LaTeX Font Info:    Trying to load font information for OML+lmm on input line 1
01.
(/Users/Sergio/Library/TinyTeX/texmf-dist/tex/latex/lm/omllmm.fd
File: omllmm.fd 2015/05/01 v1.6.1 Font defs for Latin Modern
)
LaTeX Font Info:    Trying to load font information for OMS+lmsy on input line 
101.
(/Users/Sergio/Library/TinyTeX/texmf-dist/tex/latex/lm/omslmsy.fd
File: omslmsy.fd 2015/05/01 v1.6.1 Font defs for Latin Modern
)
LaTeX Font Info:    Trying to load font information for OMX+lmex on input line 
101.
(/Users/Sergio/Library/TinyTeX/texmf-dist/tex/latex/lm/omxlmex.fd
File: omxlmex.fd 2015/05/01 v1.6.1 Font defs for Latin Modern
)
LaTeX Font Info:    External font `lmex10' loaded for size
(Font)              <12> on input line 101.
LaTeX Font Info:    External font `lmex10' loaded for size
(Font)              <8> on input line 101.
LaTeX Font Info:    External font `lmex10' loaded for size
(Font)              <6> on input line 101.
LaTeX Font Info:    Trying to load font information for U+msa on input line 101
.
(/Users/Sergio/Library/TinyTeX/texmf-dist/tex/latex/amsfonts/umsa.fd
File: umsa.fd 2013/01/14 v3.01 AMS symbols A
)
LaTeX Font Info:    Trying to load font information for U+msb on input line 101
.
(/Users/Sergio/Library/TinyTeX/texmf-dist/tex/latex/amsfonts/umsb.fd
File: umsb.fd 2013/01/14 v3.01 AMS symbols B
) [1

{/Users/Sergio/Library/TinyTeX/texmf-var/fonts/map/pdftex/updmap/pdftex.map}] [
2]
LaTeX Font Info:    External font `lmex10' loaded for size
(Font)              <10> on input line 156.
LaTeX Font Info:    External font `lmex10' loaded for size
(Font)              <7> on input line 156.
LaTeX Font Info:    External font `lmex10' loaded for size
(Font)              <5> on input line 156.
[3] [4] [5] [6]

LaTeX Warning: Command \textellipsis invalid in math mode on input line 260.


LaTeX Warning: Command \textellipsis invalid in math mode on input line 260.


LaTeX Warning: Command \textellipsis invalid in math mode on input line 271.


LaTeX Warning: Command \textellipsis invalid in math mode on input line 271.

[7]

LaTeX Warning: Command \textellipsis invalid in math mode on input line 279.


LaTeX Warning: Command \textellipsis invalid in math mode on input line 279.

[8]
<Cas2Final_files/figure-latex/evolucionserie-1.pdf, id=219, 562.1pt x 277.035pt
>
File: Cas2Final_files/figure-latex/evolucionserie-1.pdf Graphic file (type pdf)

<use Cas2Final_files/figure-latex/evolucionserie-1.pdf>
Package pdftex.def Info: Cas2Final_files/figure-latex/evolucionserie-1.pdf  use
d on input line 339.
(pdftex.def)             Requested size: 469.75067pt x 231.51996pt.
<Cas2Final_files/figure-latex/outliers-1.pdf, id=220, 557.08125pt x 240.9pt>
File: Cas2Final_files/figure-latex/outliers-1.pdf Graphic file (type pdf)
<use Cas2Final_files/figure-latex/outliers-1.pdf>
Package pdftex.def Info: Cas2Final_files/figure-latex/outliers-1.pdf  used on i
nput line 347.
(pdftex.def)             Requested size: 469.76414pt x 203.14124pt.

Overfull \hbox (15.00912pt too wide) in paragraph at lines 347--348
[][] 
 []

[9]
LaTeX Font Info:    Trying to load font information for TS1+lmr on input line 3
59.
(/Users/Sergio/Library/TinyTeX/texmf-dist/tex/latex/lm/ts1lmr.fd
File: ts1lmr.fd 2015/05/01 v1.6.1 Font defs for Latin Modern
) [10pdfTeX warning (ext4): destination with the same identifier (name{figure.1
}) has been already used, duplicate ignored
<argument> ...shipout:D \box_use:N \l_shipout_box 
                                                  \__shipout_drop_firstpage_...
l.361     L
           a reducci√≥n de la tasa de inter√©s de pol√≠tica monetaria por pa...
 <./Cas2Final_files/figure-latex/evolucionserie-1.pdf> <./Cas2Final_files/figur
e-latex/outliers-1.pdf>]
<Cas2Final_files/figure-latex/estacionalidad-1.pdf, id=256, 568.1225pt x 277.03
5pt>
File: Cas2Final_files/figure-latex/estacionalidad-1.pdf Graphic file (type pdf)

<use Cas2Final_files/figure-latex/estacionalidad-1.pdf>
Package pdftex.def Info: Cas2Final_files/figure-latex/estacionalidad-1.pdf  use
d on input line 373.
(pdftex.def)             Requested size: 469.7731pt x 229.07663pt.

LaTeX Warning: Reference `fig:descomposicionplotanexo' on page 11 undefined on 
input line 381.

<Cas2Final_files/figure-latex/descomposicion-1.pdf, id=258, 555.07375pt x 277.0
35pt>
File: Cas2Final_files/figure-latex/descomposicion-1.pdf Graphic file (type pdf)

<use Cas2Final_files/figure-latex/descomposicion-1.pdf>
Package pdftex.def Info: Cas2Final_files/figure-latex/descomposicion-1.pdf  use
d on input line 383.
(pdftex.def)             Requested size: 469.75674pt x 234.45364pt.

Overfull \hbox (15.00172pt too wide) in paragraph at lines 383--384
[][] 
 []

[11]
<Cas2Final_files/figure-latex/irregularcrc-1.pdf, id=272, 571.13374pt x 277.035
pt>
File: Cas2Final_files/figure-latex/irregularcrc-1.pdf Graphic file (type pdf)
<use Cas2Final_files/figure-latex/irregularcrc-1.pdf>
Package pdftex.def Info: Cas2Final_files/figure-latex/irregularcrc-1.pdf  used 
on input line 389.
(pdftex.def)             Requested size: 469.75322pt x 227.85919pt.
[12pdfTeX warning (ext4): destination with the same identifier (name{figure.2})
 has been already used, duplicate ignored
<argument> ...shipout:D \box_use:N \l_shipout_box 
                                                  \__shipout_drop_firstpage_...
l.398 
       <./Cas2Final_files/figure-latex/estacionalidad-1.pdf> <./Cas2Final_files
/figure-latex/descomposicion-1.pdf>]
<Cas2Final_files/figure-latex/acfpacfseriescrc-1.pdf, id=294, 564.1075pt x 281.
05pt>
File: Cas2Final_files/figure-latex/acfpacfseriescrc-1.pdf Graphic file (type pd
f)
<use Cas2Final_files/figure-latex/acfpacfseriescrc-1.pdf>
Package pdftex.def Info: Cas2Final_files/figure-latex/acfpacfseriescrc-1.pdf  u
sed on input line 401.
(pdftex.def)             Requested size: 469.75845pt x 234.04335pt.
<Cas2Final_files/figure-latex/acfpacfseriesusd-1.pdf, id=295, 564.1075pt x 281.
05pt>
File: Cas2Final_files/figure-latex/acfpacfseriesusd-1.pdf Graphic file (type pd
f)
<use Cas2Final_files/figure-latex/acfpacfseriesusd-1.pdf>
Package pdftex.def Info: Cas2Final_files/figure-latex/acfpacfseriesusd-1.pdf  u
sed on input line 407.
(pdftex.def)             Requested size: 469.75845pt x 234.04335pt.

LaTeX Warning: Reference `fig:variabilidadseries' on page 13 undefined on input
 line 413.

<Cas2Final_files/figure-latex/variabilidadseries -1.pdf, id=296, 568.1225pt x 2
77.035pt>
File: Cas2Final_files/figure-latex/variabilidadseries -1.pdf Graphic file (type
 pdf)
<use Cas2Final_files/figure-latex/variabilidadseries -1.pdf>
Package pdftex.def Info: Cas2Final_files/figure-latex/variabilidadseries -1.pdf
  used on input line 417.
(pdftex.def)             Requested size: 469.7731pt x 229.07663pt.
[13pdfTeX warning (ext4): destination with the same identifier (name{figure.3})
 has been already used, duplicate ignored
<argument> ...shipout:D \box_use:N \l_shipout_box 
                                                  \__shipout_drop_firstpage_...
l.433   M
         odelo de Suavizamiento Exponencial Holt-Winter Multiplicativo <./Cas2F
inal_files/figure-latex/irregularcrc-1.pdf>] [14pdfTeX warning (ext4): destinat
ion with the same identifier (name{figure.4}) has been already used, duplicate 
ignored
<argument> ...shipout:D \box_use:N \l_shipout_box 
                                                  \__shipout_drop_firstpage_...
l.433   M
         odelo de Suavizamiento Exponencial Holt-Winter MultiplicativopdfTeX wa
rning (ext4): destination with the same identifier (name{figure.5}) has been al
ready used, duplicate ignored
<argument> ...shipout:D \box_use:N \l_shipout_box 
                                                  \__shipout_drop_firstpage_...
l.433   M
         odelo de Suavizamiento Exponencial Holt-Winter Multiplicativo <./Cas2F
inal_files/figure-latex/acfpacfseriescrc-1.pdf> <./Cas2Final_files/figure-latex
/acfpacfseriesusd-1.pdf>]
LaTeX Font Info:    Trying to load font information for T1+lmtt on input line 4
50.
(/Users/Sergio/Library/TinyTeX/texmf-dist/tex/latex/lm/t1lmtt.fd
File: t1lmtt.fd 2015/05/01 v1.6.1 Font defs for Latin Modern
)
Overfull \hbox (7.99359pt too wide) in paragraph at lines 467--467
[]\T1/lmtt/m/n/10 ##     outlier = NULL, regression.variables = "ao2020.Mar", a
rima.model = "(0 1 0)(1 0 1)")[] 
 []

[15pdfTeX warning (ext4): destination with the same identifier (name{figure.6})
 has been already used, duplicate ignored
<argument> ...shipout:D \box_use:N \l_shipout_box 
                                                  \__shipout_drop_firstpage_...
l.467 \end{verbatim}
                     <./Cas2Final_files/figure-latex/variabilidadseries -1.pdf>
]
Overfull \hbox (7.99359pt too wide) in paragraph at lines 485--485
[]\T1/lmtt/m/n/10 ##     outlier = NULL, regression.variables = "ao2020.Mar", a
rima.model = "(0 1 0)(0 1 1)")[] 
 []

[16]
<Cas2Final_files/figure-latex/arima crc residuos autocorrelacion-1.pdf, id=355,
 568.1225pt x 279.0425pt>
File: Cas2Final_files/figure-latex/arima crc residuos autocorrelacion-1.pdf Gra
phic file (type pdf)
<use Cas2Final_files/figure-latex/arima crc residuos autocorrelacion-1.pdf>
Package pdftex.def Info: Cas2Final_files/figure-latex/arima crc residuos autoco
rrelacion-1.pdf  used on input line 538.
(pdftex.def)             Requested size: 469.7731pt x 230.7366pt.
<Cas2Final_files/figure-latex/arima crc residuos autocorrelacion-2.pdf, id=356,
 568.1225pt x 279.0425pt>
File: Cas2Final_files/figure-latex/arima crc residuos autocorrelacion-2.pdf Gra
phic file (type pdf)
<use Cas2Final_files/figure-latex/arima crc residuos autocorrelacion-2.pdf>
Package pdftex.def Info: Cas2Final_files/figure-latex/arima crc residuos autoco
rrelacion-2.pdf  used on input line 538.
(pdftex.def)             Requested size: 469.7731pt x 230.7366pt.
<Cas2Final_files/figure-latex/arima crc residuos autocorrelacion-3.pdf, id=357,
 568.1225pt x 279.0425pt>
File: Cas2Final_files/figure-latex/arima crc residuos autocorrelacion-3.pdf Gra
phic file (type pdf)
<use Cas2Final_files/figure-latex/arima crc residuos autocorrelacion-3.pdf>
Package pdftex.def Info: Cas2Final_files/figure-latex/arima crc residuos autoco
rrelacion-3.pdf  used on input line 538.
(pdftex.def)             Requested size: 469.7731pt x 230.7366pt.

Overfull \hbox (15.01808pt too wide) in paragraph at lines 538--539
[][]
 []

[17] [18 <./Cas2Final_files/figure-latex/arima crc residuos autocorrelacion-1.p
df> <./Cas2Final_files/figure-latex/arima crc residuos autocorrelacion-2.pdf>] 
[19 <./Cas2Final_files/figure-latex/arima crc residuos autocorrelacion-3.pdf>]
<Cas2Final_files/figure-latex/arima crc residuos varianza constante arch-1.pdf,
 id=392, 568.1225pt x 258.9675pt>
File: Cas2Final_files/figure-latex/arima crc residuos varianza constante arch-1
.pdf Graphic file (type pdf)
<use Cas2Final_files/figure-latex/arima crc residuos varianza constante arch-1.
pdf>
Package pdftex.def Info: Cas2Final_files/figure-latex/arima crc residuos varian
za constante arch-1.pdf  used on input line 612.
(pdftex.def)             Requested size: 469.7731pt x 214.13684pt.
<Cas2Final_files/figure-latex/arima crc residuos varianza constante arch-2.pdf,
 id=393, 564.1075pt x 281.05pt>
File: Cas2Final_files/figure-latex/arima crc residuos varianza constante arch-2
.pdf Graphic file (type pdf)
<use Cas2Final_files/figure-latex/arima crc residuos varianza constante arch-2.
pdf>
Package pdftex.def Info: Cas2Final_files/figure-latex/arima crc residuos varian
za constante arch-2.pdf  used on input line 612.
(pdftex.def)             Requested size: 469.75845pt x 234.04335pt.

Overfull \hbox (15.01808pt too wide) in paragraph at lines 612--613
[][]
 []

[20] [21 <./Cas2Final_files/figure-latex/arima crc residuos varianza constante 
arch-1.pdf> <./Cas2Final_files/figure-latex/arima crc residuos varianza constan
te arch-2.pdf>]
<Cas2Final_files/figure-latex/arima crc residuos varianza constante arch-3.pdf,
 id=417, 568.1225pt x 258.9675pt>
File: Cas2Final_files/figure-latex/arima crc residuos varianza constante arch-3
.pdf Graphic file (type pdf)
<use Cas2Final_files/figure-latex/arima crc residuos varianza constante arch-3.
pdf>
Package pdftex.def Info: Cas2Final_files/figure-latex/arima crc residuos varian
za constante arch-3.pdf  used on input line 635.
(pdftex.def)             Requested size: 469.7731pt x 214.13684pt.
<Cas2Final_files/figure-latex/arima crc residuos varianza constante arch-4.pdf,
 id=418, 564.1075pt x 281.05pt>
File: Cas2Final_files/figure-latex/arima crc residuos varianza constante arch-4
.pdf Graphic file (type pdf)
<use Cas2Final_files/figure-latex/arima crc residuos varianza constante arch-4.
pdf>
Package pdftex.def Info: Cas2Final_files/figure-latex/arima crc residuos varian
za constante arch-4.pdf  used on input line 635.
(pdftex.def)             Requested size: 469.75845pt x 234.04335pt.

Overfull \hbox (15.01808pt too wide) in paragraph at lines 635--636
[][]
 []

[22 <./Cas2Final_files/figure-latex/arima crc residuos varianza constante arch-
3.pdf> <./Cas2Final_files/figure-latex/arima crc residuos varianza constante ar
ch-4.pdf>]
<Cas2Final_files/figure-latex/arima crc residuos varianza constante arch-5.pdf,
 id=438, 568.1225pt x 258.9675pt>
File: Cas2Final_files/figure-latex/arima crc residuos varianza constante arch-5
.pdf Graphic file (type pdf)
<use Cas2Final_files/figure-latex/arima crc residuos varianza constante arch-5.
pdf>
Package pdftex.def Info: Cas2Final_files/figure-latex/arima crc residuos varian
za constante arch-5.pdf  used on input line 655.
(pdftex.def)             Requested size: 469.7731pt x 214.13684pt.
<Cas2Final_files/figure-latex/arima crc residuos varianza constante arch-6.pdf,
 id=439, 564.1075pt x 281.05pt>
File: Cas2Final_files/figure-latex/arima crc residuos varianza constante arch-6
.pdf Graphic file (type pdf)
<use Cas2Final_files/figure-latex/arima crc residuos varianza constante arch-6.
pdf>
Package pdftex.def Info: Cas2Final_files/figure-latex/arima crc residuos varian
za constante arch-6.pdf  used on input line 655.
(pdftex.def)             Requested size: 469.75845pt x 234.04335pt.

Overfull \hbox (15.01808pt too wide) in paragraph at lines 655--656
[][]
 []

[23 <./Cas2Final_files/figure-latex/arima crc residuos varianza constante arch-
5.pdf>] [24 <./Cas2Final_files/figure-latex/arima crc residuos varianza constan
te arch-6.pdf>]
Overfull \hbox (12.10667pt too wide) in paragraph at lines 740--757
[][] 
 []

[25pdfTeX warning (ext4): destination with the same identifier (name{table.1}) 
has been already used, duplicate ignored
<argument> ...shipout:D \box_use:N \l_shipout_box 
                                                  \__shipout_drop_firstpage_...
l.758 ...√©tricas de Rendimiento Modelos Lineales}
                                                  ]
Overfull \hbox (7.99359pt too wide) in paragraph at lines 819--819
[]\T1/lmtt/m/n/10 ##     outlier = NULL, regression.variables = "ao2020.Mar", a
rima.model = "(0 1 0)(1 0 1)")[] 
 []

[26pdfTeX warning (ext4): destination with the same identifier (name{table.2}) 
has been already used, duplicate ignored
<argument> ...shipout:D \box_use:N \l_shipout_box 
                                                  \__shipout_drop_firstpage_...
l.819 \end{verbatim}
                    ]
Overfull \hbox (7.99359pt too wide) in paragraph at lines 837--837
[]\T1/lmtt/m/n/10 ##     outlier = NULL, regression.variables = "ao2020.Mar", a
rima.model = "(0 1 0)(0 1 1)")[] 
 []

[27]
<Cas2Final_files/figure-latex/arima usd residuos autocorrelacion-1.pdf, id=481,
 568.1225pt x 279.0425pt>
File: Cas2Final_files/figure-latex/arima usd residuos autocorrelacion-1.pdf Gra
phic file (type pdf)
<use Cas2Final_files/figure-latex/arima usd residuos autocorrelacion-1.pdf>
Package pdftex.def Info: Cas2Final_files/figure-latex/arima usd residuos autoco
rrelacion-1.pdf  used on input line 890.
(pdftex.def)             Requested size: 469.7731pt x 230.7366pt.
<Cas2Final_files/figure-latex/arima usd residuos autocorrelacion-2.pdf, id=482,
 568.1225pt x 279.0425pt>
File: Cas2Final_files/figure-latex/arima usd residuos autocorrelacion-2.pdf Gra
phic file (type pdf)
<use Cas2Final_files/figure-latex/arima usd residuos autocorrelacion-2.pdf>
Package pdftex.def Info: Cas2Final_files/figure-latex/arima usd residuos autoco
rrelacion-2.pdf  used on input line 890.
(pdftex.def)             Requested size: 469.7731pt x 230.7366pt.
<Cas2Final_files/figure-latex/arima usd residuos autocorrelacion-3.pdf, id=483,
 568.1225pt x 279.0425pt>
File: Cas2Final_files/figure-latex/arima usd residuos autocorrelacion-3.pdf Gra
phic file (type pdf)
<use Cas2Final_files/figure-latex/arima usd residuos autocorrelacion-3.pdf>
Package pdftex.def Info: Cas2Final_files/figure-latex/arima usd residuos autoco
rrelacion-3.pdf  used on input line 890.
(pdftex.def)             Requested size: 469.7731pt x 230.7366pt.

Overfull \hbox (15.01808pt too wide) in paragraph at lines 890--891
[][]
 []

[28] [29 <./Cas2Final_files/figure-latex/arima usd residuos autocorrelacion-1.p
df> <./Cas2Final_files/figure-latex/arima usd residuos autocorrelacion-2.pdf>] 
[30 <./Cas2Final_files/figure-latex/arima usd residuos autocorrelacion-3.pdf>] 
[31]
<Cas2Final_files/figure-latex/arima usd residuos normalidad-1.pdf, id=522, 545.
03625pt x 215.80624pt>
File: Cas2Final_files/figure-latex/arima usd residuos normalidad-1.pdf Graphic 
file (type pdf)
<use Cas2Final_files/figure-latex/arima usd residuos normalidad-1.pdf>
Package pdftex.def Info: Cas2Final_files/figure-latex/arima usd residuos normal
idad-1.pdf  used on input line 988.
(pdftex.def)             Requested size: 469.7533pt x 185.99806pt.

Overfull \hbox (14.99828pt too wide) in paragraph at lines 988--989
[][] 
 []

<Cas2Final_files/figure-latex/arima usd residuos normalidad-2.pdf, id=523, 545.
03625pt x 215.80624pt>
File: Cas2Final_files/figure-latex/arima usd residuos normalidad-2.pdf Graphic 
file (type pdf)
<use Cas2Final_files/figure-latex/arima usd residuos normalidad-2.pdf>
Package pdftex.def Info: Cas2Final_files/figure-latex/arima usd residuos normal
idad-2.pdf  used on input line 994.
(pdftex.def)             Requested size: 469.7533pt x 185.99806pt.

Overfull \hbox (14.99828pt too wide) in paragraph at lines 994--995
[][] 
 []

<Cas2Final_files/figure-latex/arima usd residuos normalidad-3.pdf, id=524, 545.
03625pt x 215.80624pt>
File: Cas2Final_files/figure-latex/arima usd residuos normalidad-3.pdf Graphic 
file (type pdf)
<use Cas2Final_files/figure-latex/arima usd residuos normalidad-3.pdf>
Package pdftex.def Info: Cas2Final_files/figure-latex/arima usd residuos normal
idad-3.pdf  used on input line 1000.
(pdftex.def)             Requested size: 469.7533pt x 185.99806pt.

Overfull \hbox (14.99828pt too wide) in paragraph at lines 1000--1001
[][] 
 []

[32 <./Cas2Final_files/figure-latex/arima usd residuos normalidad-1.pdf> <./Cas
2Final_files/figure-latex/arima usd residuos normalidad-2.pdf>]
<Cas2Final_files/figure-latex/arima usd residuos varianza constante arch-1.pdf,
 id=547, 568.1225pt x 258.9675pt>
File: Cas2Final_files/figure-latex/arima usd residuos varianza constante arch-1
.pdf Graphic file (type pdf)
<use Cas2Final_files/figure-latex/arima usd residuos varianza constante arch-1.
pdf>
Package pdftex.def Info: Cas2Final_files/figure-latex/arima usd residuos varian
za constante arch-1.pdf  used on input line 1030.
(pdftex.def)             Requested size: 469.7731pt x 214.13684pt.
<Cas2Final_files/figure-latex/arima usd residuos varianza constante arch-2.pdf,
 id=548, 564.1075pt x 281.05pt>
File: Cas2Final_files/figure-latex/arima usd residuos varianza constante arch-2
.pdf Graphic file (type pdf)
<use Cas2Final_files/figure-latex/arima usd residuos varianza constante arch-2.
pdf>
Package pdftex.def Info: Cas2Final_files/figure-latex/arima usd residuos varian
za constante arch-2.pdf  used on input line 1030.
(pdftex.def)             Requested size: 469.75845pt x 234.04335pt.

Overfull \hbox (15.01808pt too wide) in paragraph at lines 1030--1031
[][]
 []

[33 <./Cas2Final_files/figure-latex/arima usd residuos normalidad-3.pdf>] [34 <
./Cas2Final_files/figure-latex/arima usd residuos varianza constante arch-1.pdf
> <./Cas2Final_files/figure-latex/arima usd residuos varianza constante arch-2.
pdf>]
<Cas2Final_files/figure-latex/arima usd residuos varianza constante arch-3.pdf,
 id=581, 568.1225pt x 258.9675pt>
File: Cas2Final_files/figure-latex/arima usd residuos varianza constante arch-3
.pdf Graphic file (type pdf)
<use Cas2Final_files/figure-latex/arima usd residuos varianza constante arch-3.
pdf>
Package pdftex.def Info: Cas2Final_files/figure-latex/arima usd residuos varian
za constante arch-3.pdf  used on input line 1053.
(pdftex.def)             Requested size: 469.7731pt x 214.13684pt.
<Cas2Final_files/figure-latex/arima usd residuos varianza constante arch-4.pdf,
 id=582, 564.1075pt x 281.05pt>
File: Cas2Final_files/figure-latex/arima usd residuos varianza constante arch-4
.pdf Graphic file (type pdf)
<use Cas2Final_files/figure-latex/arima usd residuos varianza constante arch-4.
pdf>
Package pdftex.def Info: Cas2Final_files/figure-latex/arima usd residuos varian
za constante arch-4.pdf  used on input line 1053.
(pdftex.def)             Requested size: 469.75845pt x 234.04335pt.

Overfull \hbox (15.01808pt too wide) in paragraph at lines 1053--1054
[][]
 []

[35 <./Cas2Final_files/figure-latex/arima usd residuos varianza constante arch-
3.pdf> <./Cas2Final_files/figure-latex/arima usd residuos varianza constante ar
ch-4.pdf>]
<Cas2Final_files/figure-latex/arima usd residuos varianza constante arch-5.pdf,
 id=603, 568.1225pt x 258.9675pt>
File: Cas2Final_files/figure-latex/arima usd residuos varianza constante arch-5
.pdf Graphic file (type pdf)
<use Cas2Final_files/figure-latex/arima usd residuos varianza constante arch-5.
pdf>
Package pdftex.def Info: Cas2Final_files/figure-latex/arima usd residuos varian
za constante arch-5.pdf  used on input line 1073.
(pdftex.def)             Requested size: 469.7731pt x 214.13684pt.
<Cas2Final_files/figure-latex/arima usd residuos varianza constante arch-6.pdf,
 id=604, 564.1075pt x 281.05pt>
File: Cas2Final_files/figure-latex/arima usd residuos varianza constante arch-6
.pdf Graphic file (type pdf)
<use Cas2Final_files/figure-latex/arima usd residuos varianza constante arch-6.
pdf>
Package pdftex.def Info: Cas2Final_files/figure-latex/arima usd residuos varian
za constante arch-6.pdf  used on input line 1073.
(pdftex.def)             Requested size: 469.75845pt x 234.04335pt.

Overfull \hbox (15.01808pt too wide) in paragraph at lines 1073--1074
[][]
 []

[36 <./Cas2Final_files/figure-latex/arima usd residuos varianza constante arch-
5.pdf>]
Overfull \hbox (114.32886pt too wide) in paragraph at lines 1110--1127
[][] 
 []

[37pdfTeX warning (ext4): destination with the same identifier (name{table.3}) 
has been already used, duplicate ignored
<argument> ...shipout:D \box_use:N \l_shipout_box 
                                                  \__shipout_drop_firstpage_...
l.1128 ...©tricas de Rendimiento Modelos Lineales}
                                                   <./Cas2Final_files/figure-la
tex/arima usd residuos varianza constante arch-6.pdf>]
Overfull \hbox (99.32886pt too wide) in paragraph at lines 1134--1159
 [][] 
 []

<Cas2Final_files/figure-latex/pronostico mejor usd-1.pdf, id=630, 562.1pt x 258
.9675pt>
File: Cas2Final_files/figure-latex/pronostico mejor usd-1.pdf Graphic file (typ
e pdf)
<use Cas2Final_files/figure-latex/pronostico mejor usd-1.pdf>
Package pdftex.def Info: Cas2Final_files/figure-latex/pronostico mejor usd-1.pd
f  used on input line 1161.
(pdftex.def)             Requested size: 469.75067pt x 216.42082pt.

Overfull \hbox (14.99565pt too wide) in paragraph at lines 1161--1162
[][] 
 []

[38pdfTeX warning (ext4): destination with the same identifier (name{table.4}) 
has been already used, duplicate ignored
<argument> ...shipout:D \box_use:N \l_shipout_box 
                                                  \__shipout_drop_firstpage_...
l.1180 \end{verbatim}
                      <./Cas2Final_files/figure-latex/pronostico mejor usd-1.pd
f>] [39]
<Cas2Final_files/figure-latex/unnamed-chunk-10-1.pdf, id=652, 557.08125pt x 247
.92625pt>
File: Cas2Final_files/figure-latex/unnamed-chunk-10-1.pdf Graphic file (type pd
f)
<use Cas2Final_files/figure-latex/unnamed-chunk-10-1.pdf>
Package pdftex.def Info: Cas2Final_files/figure-latex/unnamed-chunk-10-1.pdf  u
sed on input line 1265.
(pdftex.def)             Requested size: 469.76414pt x 209.0662pt.
<Cas2Final_files/figure-latex/unnamed-chunk-10-2.pdf, id=653, 568.1225pt x 279.
0425pt>
File: Cas2Final_files/figure-latex/unnamed-chunk-10-2.pdf Graphic file (type pd
f)
<use Cas2Final_files/figure-latex/unnamed-chunk-10-2.pdf>
Package pdftex.def Info: Cas2Final_files/figure-latex/unnamed-chunk-10-2.pdf  u
sed on input line 1265.
(pdftex.def)             Requested size: 469.7731pt x 230.7366pt.
<Cas2Final_files/figure-latex/unnamed-chunk-10-3.pdf, id=654, 568.1225pt x 279.
0425pt>
File: Cas2Final_files/figure-latex/unnamed-chunk-10-3.pdf Graphic file (type pd
f)
<use Cas2Final_files/figure-latex/unnamed-chunk-10-3.pdf>
Package pdftex.def Info: Cas2Final_files/figure-latex/unnamed-chunk-10-3.pdf  u
sed on input line 1265.
(pdftex.def)             Requested size: 469.7731pt x 230.7366pt.
<Cas2Final_files/figure-latex/unnamed-chunk-10-4.pdf, id=655, 573.14125pt x 279
.0425pt>
File: Cas2Final_files/figure-latex/unnamed-chunk-10-4.pdf Graphic file (type pd
f)
<use Cas2Final_files/figure-latex/unnamed-chunk-10-4.pdf>
Package pdftex.def Info: Cas2Final_files/figure-latex/unnamed-chunk-10-4.pdf  u
sed on input line 1265.
(pdftex.def)             Requested size: 469.76022pt x 228.70987pt.

Overfull \hbox (15.00912pt too wide) in paragraph at lines 1265--1266
[][]
 []

[40 <./Cas2Final_files/figure-latex/unnamed-chunk-10-1.pdf> <./Cas2Final_files/
figure-latex/unnamed-chunk-10-2.pdf>]
<Cas2Final_files/figure-latex/unnamed-chunk-13-1.pdf, id=674, 562.1pt x 258.967
5pt>
File: Cas2Final_files/figure-latex/unnamed-chunk-13-1.pdf Graphic file (type pd
f)
<use Cas2Final_files/figure-latex/unnamed-chunk-13-1.pdf>
Package pdftex.def Info: Cas2Final_files/figure-latex/unnamed-chunk-13-1.pdf  u
sed on input line 1290.
(pdftex.def)             Requested size: 469.75067pt x 216.42082pt.
<Cas2Final_files/figure-latex/unnamed-chunk-13-2.pdf, id=675, 562.1pt x 258.967
5pt>
File: Cas2Final_files/figure-latex/unnamed-chunk-13-2.pdf Graphic file (type pd
f)
<use Cas2Final_files/figure-latex/unnamed-chunk-13-2.pdf>
Package pdftex.def Info: Cas2Final_files/figure-latex/unnamed-chunk-13-2.pdf  u
sed on input line 1290.
(pdftex.def)             Requested size: 469.75067pt x 216.42082pt.

Overfull \hbox (14.99565pt too wide) in paragraph at lines 1290--1291
[][]
 []

[41pdfTeX warning (ext4): destination with the same identifier (name{table.5}) 
has been already used, duplicate ignored
<argument> ...shipout:D \box_use:N \l_shipout_box 
                                                  \__shipout_drop_firstpage_...
l.1291 
        <./Cas2Final_files/figure-latex/unnamed-chunk-10-3.pdf> <./Cas2Final_fi
les/figure-latex/unnamed-chunk-10-4.pdf>]
Overfull \hbox (86.74336pt too wide) in paragraph at lines 1527--1527
[]\T1/lmtt/m/n/10 ## Searching on 83 possible threshold values within regimes w
ith sufficient ( 15% ) number of observations[] 
 []


Overfull \hbox (23.74355pt too wide) in paragraph at lines 1527--1527
[]\T1/lmtt/m/n/10 ## Searching on  1494  combinations of thresholds ( 83 ), thD
elay ( 2 ), mL ( 3 ) and MM ( 3 )[] 
 []

[42 <./Cas2Final_files/figure-latex/unnamed-chunk-13-1.pdf> <./Cas2Final_files/
figure-latex/unnamed-chunk-13-2.pdf>]
Overfull \hbox (65.74342pt too wide) in paragraph at lines 1527--1527
[]\T1/lmtt/m/n/10 ##  1 T: Trim not respected:  0.8655462 0.1344538 from th: 77
8351.5Result of the one threshold search:[] 
 []

[43] [44]
Overfull \hbox (380.74251pt too wide) in paragraph at lines 1527--1527
[]\T1/lmtt/m/n/10 ## Trim not respected:  0.7142857 0.1512605 0.1344538 from 72
6081.6 778351.5Second best: 705830 (conditionnal on th= 778351.5 and Delay= 2 )
     SSR/AIC: 2662.995[] 
 []


Overfull \hbox (359.74257pt too wide) in paragraph at lines 1527--1527
[]\T1/lmtt/m/n/10 ## Trim not respected:  0.6386555 0.2268908 0.1344538 from 70
5830 778351.5Second best: 778351.5 (conditionnal on th= 705830 and Delay= 2 )  
 SSR/AIC: 2662.995[] 
 []

[45] [46]
Overfull \hbox (380.74251pt too wide) in paragraph at lines 1527--1527
[]\T1/lmtt/m/n/10 ## Trim not respected:  0.7142857 0.1512605 0.1344538 from 72
6081.6 778351.5Second best: 705830 (conditionnal on th= 778351.5 and Delay= 2 )
     SSR/AIC: 2660.377[] 
 []


Overfull \hbox (359.74257pt too wide) in paragraph at lines 1527--1527
[]\T1/lmtt/m/n/10 ## Trim not respected:  0.6386555 0.2268908 0.1344538 from 70
5830 778351.5Second best: 771089.2 (conditionnal on th= 705830 and Delay= 2 )  
 SSR/AIC: 2660.162[] 
 []

[47] [48]
Overfull \hbox (380.74251pt too wide) in paragraph at lines 1527--1527
[]\T1/lmtt/m/n/10 ## Trim not respected:  0.7142857 0.1512605 0.1344538 from 72
6081.6 778351.5Second best: 705830 (conditionnal on th= 778351.5 and Delay= 2 )
     SSR/AIC: 2662.311[] 
 []


Overfull \hbox (359.74257pt too wide) in paragraph at lines 1527--1527
[]\T1/lmtt/m/n/10 ## Trim not respected:  0.6386555 0.2268908 0.1344538 from 70
5830 778351.5Second best: 771089.2 (conditionnal on th= 705830 and Delay= 2 )  
 SSR/AIC: 2661.953[] 
 []

<Cas2Final_files/figure-latex/unnamed-chunk-14-1.pdf, id=741, 545.03625pt x 249
.93375pt>
File: Cas2Final_files/figure-latex/unnamed-chunk-14-1.pdf Graphic file (type pd
f)
<use Cas2Final_files/figure-latex/unnamed-chunk-14-1.pdf>
Package pdftex.def Info: Cas2Final_files/figure-latex/unnamed-chunk-14-1.pdf  u
sed on input line 1529.
(pdftex.def)             Requested size: 469.7533pt x 215.41173pt.

Overfull \hbox (14.99828pt too wide) in paragraph at lines 1529--1530
[][] 
 []


Overfull \hbox (86.74336pt too wide) in paragraph at lines 1767--1767
[]\T1/lmtt/m/n/10 ## Searching on 80 possible threshold values within regimes w
ith sufficient ( 15% ) number of observations[] 
 []


Overfull \hbox (23.74355pt too wide) in paragraph at lines 1767--1767
[]\T1/lmtt/m/n/10 ## Searching on  1440  combinations of thresholds ( 80 ), thD
elay ( 2 ), mL ( 3 ) and MM ( 3 )[] 
 []

[49 <./Cas2Final_files/figure-latex/unnamed-chunk-14-1.pdf>]
Overfull \hbox (65.74342pt too wide) in paragraph at lines 1767--1767
[]\T1/lmtt/m/n/10 ##  1 T: Trim not respected:  0.8793103 0.1206897 from th: 77
1089.2Result of the one threshold search:[] 
 []

[50] [51]
Overfull \hbox (380.74251pt too wide) in paragraph at lines 1767--1767
[]\T1/lmtt/m/n/10 ## Trim not respected:  0.7241379 0.1551724 0.1206897 from 72
5680.7 771089.2Second best: 725680.7 (conditionnal on th= 771089.2 and Delay= 2
 )   SSR/AIC: 2715.108[] 
 []

[52] [53]
Overfull \hbox (375.49252pt too wide) in paragraph at lines 1767--1767
[]\T1/lmtt/m/n/10 ## Trim not respected:  0.7241379 0.1551724 0.1206897 from 72
5680.7 771089.2Second best: 725680.7 (conditionnal on th= 771089.2 and Delay= 2
 )   SSR/AIC: 2715.69[] 
 []


Overfull \hbox (2.7436pt too wide) in paragraph at lines 1767--1767
[]\T1/lmtt/m/n/10 ## Second best: 521049.7 (conditionnal on th= 725680.7 and De
lay= 2 )    SSR/AIC: 2730.675[] 
 []

[54]
Overfull \hbox (380.74251pt too wide) in paragraph at lines 1767--1767
[]\T1/lmtt/m/n/10 ## Trim not respected:  0.7241379 0.1551724 0.1206897 from 72
5680.7 771089.2Second best: 725680.7 (conditionnal on th= 771089.2 and Delay= 2
 )   SSR/AIC: 2717.616[] 
 []

<Cas2Final_files/figure-latex/unnamed-chunk-14-2.pdf, id=775, 545.03625pt x 249
.93375pt>
File: Cas2Final_files/figure-latex/unnamed-chunk-14-2.pdf Graphic file (type pd
f)
<use Cas2Final_files/figure-latex/unnamed-chunk-14-2.pdf>
Package pdftex.def Info: Cas2Final_files/figure-latex/unnamed-chunk-14-2.pdf  u
sed on input line 1769.
(pdftex.def)             Requested size: 469.7533pt x 215.41173pt.

Overfull \hbox (14.99828pt too wide) in paragraph at lines 1769--1770
[][] 
 []

[55]
Overfull \hbox (86.74336pt too wide) in paragraph at lines 1795--1795
[]\T1/lmtt/m/n/10 ## Searching on 83 possible threshold values within regimes w
ith sufficient ( 15% ) number of observations[] 
 []


Overfull \hbox (23.74355pt too wide) in paragraph at lines 1795--1795
[]\T1/lmtt/m/n/10 ## Searching on  2241  combinations of thresholds ( 83 ), thD
elay ( 3 ), mL ( 3 ) and MM ( 3 )[] 
 []

<Cas2Final_files/figure-latex/unnamed-chunk-14-3.pdf, id=781, 545.03625pt x 249
.93375pt>
File: Cas2Final_files/figure-latex/unnamed-chunk-14-3.pdf Graphic file (type pd
f)
<use Cas2Final_files/figure-latex/unnamed-chunk-14-3.pdf>
Package pdftex.def Info: Cas2Final_files/figure-latex/unnamed-chunk-14-3.pdf  u
sed on input line 1797.
(pdftex.def)             Requested size: 469.7533pt x 215.41173pt.

Overfull \hbox (14.99828pt too wide) in paragraph at lines 1797--1798
[][] 
 []

[56 <./Cas2Final_files/figure-latex/unnamed-chunk-14-2.pdf>]
Overfull \hbox (86.74336pt too wide) in paragraph at lines 1841--1841
[]\T1/lmtt/m/n/10 ## Searching on 80 possible threshold values within regimes w
ith sufficient ( 15% ) number of observations[] 
 []


Overfull \hbox (23.74355pt too wide) in paragraph at lines 1841--1841
[]\T1/lmtt/m/n/10 ## Searching on  2160  combinations of thresholds ( 80 ), thD
elay ( 3 ), mL ( 3 ) and MM ( 3 )[] 
 []

[57 <./Cas2Final_files/figure-latex/unnamed-chunk-14-3.pdf>]
<Cas2Final_files/figure-latex/unnamed-chunk-14-4.pdf, id=806, 545.03625pt x 249
.93375pt>
File: Cas2Final_files/figure-latex/unnamed-chunk-14-4.pdf Graphic file (type pd
f)
<use Cas2Final_files/figure-latex/unnamed-chunk-14-4.pdf>
Package pdftex.def Info: Cas2Final_files/figure-latex/unnamed-chunk-14-4.pdf  u
sed on input line 1843.
(pdftex.def)             Requested size: 469.7533pt x 215.41173pt.

Overfull \hbox (14.99828pt too wide) in paragraph at lines 1843--1844
[][] 
 []

[58 <./Cas2Final_files/figure-latex/unnamed-chunk-14-4.pdf>] [59]
<Cas2Final_files/figure-latex/Modelos Seleccionados-1.pdf, id=823, 568.1225pt x
 279.0425pt>
File: Cas2Final_files/figure-latex/Modelos Seleccionados-1.pdf Graphic file (ty
pe pdf)
<use Cas2Final_files/figure-latex/Modelos Seleccionados-1.pdf>
Package pdftex.def Info: Cas2Final_files/figure-latex/Modelos Seleccionados-1.p
df  used on input line 1931.
(pdftex.def)             Requested size: 469.7731pt x 230.7366pt.

Overfull \hbox (15.01808pt too wide) in paragraph at lines 1931--1932
[][] 
 []

[60] [61 <./Cas2Final_files/figure-latex/Modelos Seleccionados-1.pdf>]
<Cas2Final_files/figure-latex/Modelos Seleccionados-2.pdf, id=840, 568.1225pt x
 279.0425pt>
File: Cas2Final_files/figure-latex/Modelos Seleccionados-2.pdf Graphic file (ty
pe pdf)
<use Cas2Final_files/figure-latex/Modelos Seleccionados-2.pdf>
Package pdftex.def Info: Cas2Final_files/figure-latex/Modelos Seleccionados-2.p
df  used on input line 1986.
(pdftex.def)             Requested size: 469.7731pt x 230.7366pt.

Overfull \hbox (15.01808pt too wide) in paragraph at lines 1986--1987
[][] 
 []

[62] [63 <./Cas2Final_files/figure-latex/Modelos Seleccionados-2.pdf>]
<Cas2Final_files/figure-latex/Modelos Seleccionados-3.pdf, id=856, 568.1225pt x
 279.0425pt>
File: Cas2Final_files/figure-latex/Modelos Seleccionados-3.pdf Graphic file (ty
pe pdf)
<use Cas2Final_files/figure-latex/Modelos Seleccionados-3.pdf>
Package pdftex.def Info: Cas2Final_files/figure-latex/Modelos Seleccionados-3.p
df  used on input line 2033.
(pdftex.def)             Requested size: 469.7731pt x 230.7366pt.

Overfull \hbox (15.01808pt too wide) in paragraph at lines 2033--2034
[][] 
 []

[64 <./Cas2Final_files/figure-latex/Modelos Seleccionados-3.pdf>]
<Cas2Final_files/figure-latex/Modelos Seleccionados-4.pdf, id=868, 568.1225pt x
 279.0425pt>
File: Cas2Final_files/figure-latex/Modelos Seleccionados-4.pdf Graphic file (ty
pe pdf)
<use Cas2Final_files/figure-latex/Modelos Seleccionados-4.pdf>
Package pdftex.def Info: Cas2Final_files/figure-latex/Modelos Seleccionados-4.p
df  used on input line 2078.
(pdftex.def)             Requested size: 469.7731pt x 230.7366pt.

Overfull \hbox (15.01808pt too wide) in paragraph at lines 2078--2079
[][] 
 []

[65]
Overfull \hbox (24.0727pt too wide) in paragraph at lines 2080--2093
[][] 
 []


Overfull \hbox (155.88358pt too wide) in paragraph at lines 2098--2119
 [][] 
 []

<Cas2Final_files/figure-latex/unnamed-chunk-18-1.pdf, id=873, 562.1pt x 258.967
5pt>
File: Cas2Final_files/figure-latex/unnamed-chunk-18-1.pdf Graphic file (type pd
f)
<use Cas2Final_files/figure-latex/unnamed-chunk-18-1.pdf>
Package pdftex.def Info: Cas2Final_files/figure-latex/unnamed-chunk-18-1.pdf  u
sed on input line 2121.
(pdftex.def)             Requested size: 469.75067pt x 216.42082pt.
<Cas2Final_files/figure-latex/unnamed-chunk-18-2.pdf, id=874, 562.1pt x 258.967
5pt>
File: Cas2Final_files/figure-latex/unnamed-chunk-18-2.pdf Graphic file (type pd
f)
<use Cas2Final_files/figure-latex/unnamed-chunk-18-2.pdf>
Package pdftex.def Info: Cas2Final_files/figure-latex/unnamed-chunk-18-2.pdf  u
sed on input line 2121.
(pdftex.def)             Requested size: 469.75067pt x 216.42082pt.

Overfull \hbox (14.99565pt too wide) in paragraph at lines 2121--2122
[][]
 []

[66pdfTeX warning (ext4): destination with the same identifier (name{table.6}) 
has been already used, duplicate ignored
<argument> ...shipout:D \box_use:N \l_shipout_box 
                                                  \__shipout_drop_firstpage_...
l.2122 
        <./Cas2Final_files/figure-latex/Modelos Seleccionados-4.pdf>]
Overfull \hbox (155.88358pt too wide) in paragraph at lines 2130--2163
 [][] 
 []

<Cas2Final_files/figure-latex/unnamed-chunk-19-1.pdf, id=888, 562.1pt x 258.967
5pt>
File: Cas2Final_files/figure-latex/unnamed-chunk-19-1.pdf Graphic file (type pd
f)
<use Cas2Final_files/figure-latex/unnamed-chunk-19-1.pdf>
Package pdftex.def Info: Cas2Final_files/figure-latex/unnamed-chunk-19-1.pdf  u
sed on input line 2165.
(pdftex.def)             Requested size: 469.75067pt x 216.42082pt.

Overfull \hbox (176.90155pt too wide) in paragraph at lines 2165--2166
 \T1/lmr/bx/n/10 3.2.2.1.3. Me-tri-cas Ge-ne-ra-les[] [] 
 []

[67 <./Cas2Final_files/figure-latex/unnamed-chunk-18-1.pdf> <./Cas2Final_files/
figure-latex/unnamed-chunk-18-2.pdf>] [68pdfTeX warning (ext4): destination wit
h the same identifier (name{table.7}) has been already used, duplicate ignored
<argument> ...shipout:D \box_use:N \l_shipout_box 
                                                  \__shipout_drop_firstpage_...
l.2244 \end{verbatim}
                      <./Cas2Final_files/figure-latex/unnamed-chunk-19-1.pdf>] 
[69] [70]
<Cas2Final_files/figure-latex/unnamed-chunk-21-1.pdf, id=934, 557.08125pt x 247
.92625pt>
File: Cas2Final_files/figure-latex/unnamed-chunk-21-1.pdf Graphic file (type pd
f)
<use Cas2Final_files/figure-latex/unnamed-chunk-21-1.pdf>
Package pdftex.def Info: Cas2Final_files/figure-latex/unnamed-chunk-21-1.pdf  u
sed on input line 2323.
(pdftex.def)             Requested size: 469.76414pt x 209.0662pt.
<Cas2Final_files/figure-latex/unnamed-chunk-21-2.pdf, id=935, 557.08125pt x 247
.92625pt>
File: Cas2Final_files/figure-latex/unnamed-chunk-21-2.pdf Graphic file (type pd
f)
<use Cas2Final_files/figure-latex/unnamed-chunk-21-2.pdf>
Package pdftex.def Info: Cas2Final_files/figure-latex/unnamed-chunk-21-2.pdf  u
sed on input line 2323.
(pdftex.def)             Requested size: 469.76414pt x 209.0662pt.
<Cas2Final_files/figure-latex/unnamed-chunk-21-3.pdf, id=936, 557.08125pt x 247
.92625pt>
File: Cas2Final_files/figure-latex/unnamed-chunk-21-3.pdf Graphic file (type pd
f)
<use Cas2Final_files/figure-latex/unnamed-chunk-21-3.pdf>
Package pdftex.def Info: Cas2Final_files/figure-latex/unnamed-chunk-21-3.pdf  u
sed on input line 2323.
(pdftex.def)             Requested size: 469.76414pt x 209.0662pt.
<Cas2Final_files/figure-latex/unnamed-chunk-21-4.pdf, id=937, 570.13pt x 279.04
25pt>
File: Cas2Final_files/figure-latex/unnamed-chunk-21-4.pdf Graphic file (type pd
f)
<use Cas2Final_files/figure-latex/unnamed-chunk-21-4.pdf>
Package pdftex.def Info: Cas2Final_files/figure-latex/unnamed-chunk-21-4.pdf  u
sed on input line 2323.
(pdftex.def)             Requested size: 469.7541pt x 229.91484pt.
<Cas2Final_files/figure-latex/unnamed-chunk-21-5.pdf, id=938, 572.1375pt x 279.
0425pt>
File: Cas2Final_files/figure-latex/unnamed-chunk-21-5.pdf Graphic file (type pd
f)
<use Cas2Final_files/figure-latex/unnamed-chunk-21-5.pdf>
Package pdftex.def Info: Cas2Final_files/figure-latex/unnamed-chunk-21-5.pdf  u
sed on input line 2323.
(pdftex.def)             Requested size: 469.75816pt x 229.1101pt.
<Cas2Final_files/figure-latex/unnamed-chunk-21-6.pdf, id=939, 572.1375pt x 279.
0425pt>
File: Cas2Final_files/figure-latex/unnamed-chunk-21-6.pdf Graphic file (type pd
f)
<use Cas2Final_files/figure-latex/unnamed-chunk-21-6.pdf>
Package pdftex.def Info: Cas2Final_files/figure-latex/unnamed-chunk-21-6.pdf  u
sed on input line 2323.
(pdftex.def)             Requested size: 469.75816pt x 229.1101pt.

Overfull \hbox (15.00912pt too wide) in paragraph at lines 2323--2324
[][]
 []


Underfull \hbox (badness 10000) in paragraph at lines 2323--2324
[]
 []

[71 <./Cas2Final_files/figure-latex/unnamed-chunk-21-1.pdf>] [72 <./Cas2Final_f
iles/figure-latex/unnamed-chunk-21-2.pdf> <./Cas2Final_files/figure-latex/unnam
ed-chunk-21-3.pdf> <./Cas2Final_files/figure-latex/unnamed-chunk-21-4.pdf>]
<Cas2Final_files/figure-latex/unnamed-chunk-24-1.pdf, id=976, 562.1pt x 258.967
5pt>
File: Cas2Final_files/figure-latex/unnamed-chunk-24-1.pdf Graphic file (type pd
f)
<use Cas2Final_files/figure-latex/unnamed-chunk-24-1.pdf>
Package pdftex.def Info: Cas2Final_files/figure-latex/unnamed-chunk-24-1.pdf  u
sed on input line 2348.
(pdftex.def)             Requested size: 469.75067pt x 216.42082pt.
<Cas2Final_files/figure-latex/unnamed-chunk-24-2.pdf, id=977, 562.1pt x 258.967
5pt>
File: Cas2Final_files/figure-latex/unnamed-chunk-24-2.pdf Graphic file (type pd
f)
<use Cas2Final_files/figure-latex/unnamed-chunk-24-2.pdf>
Package pdftex.def Info: Cas2Final_files/figure-latex/unnamed-chunk-24-2.pdf  u
sed on input line 2348.
(pdftex.def)             Requested size: 469.75067pt x 216.42082pt.

Overfull \hbox (14.99565pt too wide) in paragraph at lines 2348--2349
[][]
 []

[73pdfTeX warning (ext4): destination with the same identifier (name{table.8}) 
has been already used, duplicate ignored
<argument> ...shipout:D \box_use:N \l_shipout_box 
                                                  \__shipout_drop_firstpage_...
l.2349 
        <./Cas2Final_files/figure-latex/unnamed-chunk-21-5.pdf> <./Cas2Final_fi
les/figure-latex/unnamed-chunk-21-6.pdf>]
Overfull \hbox (86.74336pt too wide) in paragraph at lines 2425--2425
[]\T1/lmtt/m/n/10 ## Searching on 82 possible threshold values within regimes w
ith sufficient ( 15% ) number of observations[] 
 []


Overfull \hbox (23.74355pt too wide) in paragraph at lines 2425--2425
[]\T1/lmtt/m/n/10 ## Searching on  5248  combinations of thresholds ( 82 ), thD
elay ( 4 ), mL ( 4 ) and MM ( 4 )[] 
 []

[74 <./Cas2Final_files/figure-latex/unnamed-chunk-24-1.pdf> <./Cas2Final_files/
figure-latex/unnamed-chunk-24-2.pdf>] [75]
<Cas2Final_files/figure-latex/unnamed-chunk-25-1.pdf, id=1022, 545.03625pt x 24
9.93375pt>
File: Cas2Final_files/figure-latex/unnamed-chunk-25-1.pdf Graphic file (type pd
f)
<use Cas2Final_files/figure-latex/unnamed-chunk-25-1.pdf>
Package pdftex.def Info: Cas2Final_files/figure-latex/unnamed-chunk-25-1.pdf  u
sed on input line 2427.
(pdftex.def)             Requested size: 469.7533pt x 215.41173pt.

Overfull \hbox (14.99828pt too wide) in paragraph at lines 2427--2428
[][] 
 []

[76 <./Cas2Final_files/figure-latex/unnamed-chunk-25-1.pdf>]
Overfull \hbox (86.74336pt too wide) in paragraph at lines 2579--2579
[]\T1/lmtt/m/n/10 ## Searching on 78 possible threshold values within regimes w
ith sufficient ( 15% ) number of observations[] 
 []


Overfull \hbox (23.74355pt too wide) in paragraph at lines 2579--2579
[]\T1/lmtt/m/n/10 ## Searching on  4992  combinations of thresholds ( 78 ), thD
elay ( 4 ), mL ( 4 ) and MM ( 4 )[] 
 []

[77] [78] [79] [80]
<Cas2Final_files/figure-latex/unnamed-chunk-25-2.pdf, id=1053, 545.03625pt x 24
9.93375pt>
File: Cas2Final_files/figure-latex/unnamed-chunk-25-2.pdf Graphic file (type pd
f)
<use Cas2Final_files/figure-latex/unnamed-chunk-25-2.pdf>
Package pdftex.def Info: Cas2Final_files/figure-latex/unnamed-chunk-25-2.pdf  u
sed on input line 2581.
(pdftex.def)             Requested size: 469.7533pt x 215.41173pt.

Overfull \hbox (14.99828pt too wide) in paragraph at lines 2581--2582
[][] 
 []


Overfull \hbox (86.74336pt too wide) in paragraph at lines 2653--2653
[]\T1/lmtt/m/n/10 ## Searching on 82 possible threshold values within regimes w
ith sufficient ( 15% ) number of observations[] 
 []


Overfull \hbox (23.74355pt too wide) in paragraph at lines 2653--2653
[]\T1/lmtt/m/n/10 ## Searching on  5248  combinations of thresholds ( 82 ), thD
elay ( 4 ), mL ( 4 ) and MM ( 4 )[] 
 []

[81 <./Cas2Final_files/figure-latex/unnamed-chunk-25-2.pdf>] [82]
<Cas2Final_files/figure-latex/unnamed-chunk-25-3.pdf, id=1070, 545.03625pt x 24
9.93375pt>
File: Cas2Final_files/figure-latex/unnamed-chunk-25-3.pdf Graphic file (type pd
f)
<use Cas2Final_files/figure-latex/unnamed-chunk-25-3.pdf>
Package pdftex.def Info: Cas2Final_files/figure-latex/unnamed-chunk-25-3.pdf  u
sed on input line 2655.
(pdftex.def)             Requested size: 469.7533pt x 215.41173pt.

Overfull \hbox (14.99828pt too wide) in paragraph at lines 2655--2656
[][] 
 []


Overfull \hbox (86.74336pt too wide) in paragraph at lines 2807--2807
[]\T1/lmtt/m/n/10 ## Searching on 78 possible threshold values within regimes w
ith sufficient ( 15% ) number of observations[] 
 []


Overfull \hbox (23.74355pt too wide) in paragraph at lines 2807--2807
[]\T1/lmtt/m/n/10 ## Searching on  4992  combinations of thresholds ( 78 ), thD
elay ( 4 ), mL ( 4 ) and MM ( 4 )[] 
 []

[83 <./Cas2Final_files/figure-latex/unnamed-chunk-25-3.pdf>] [84] [85] [86]
<Cas2Final_files/figure-latex/unnamed-chunk-25-4.pdf, id=1096, 545.03625pt x 24
9.93375pt>
File: Cas2Final_files/figure-latex/unnamed-chunk-25-4.pdf Graphic file (type pd
f)
<use Cas2Final_files/figure-latex/unnamed-chunk-25-4.pdf>
Package pdftex.def Info: Cas2Final_files/figure-latex/unnamed-chunk-25-4.pdf  u
sed on input line 2809.
(pdftex.def)             Requested size: 469.7533pt x 215.41173pt.

Overfull \hbox (14.99828pt too wide) in paragraph at lines 2809--2810
[][] 
 []

[87] [88 <./Cas2Final_files/figure-latex/unnamed-chunk-25-4.pdf>] [89]
<Cas2Final_files/figure-latex/unnamed-chunk-26-1.pdf, id=1117, 568.1225pt x 279
.0425pt>
File: Cas2Final_files/figure-latex/unnamed-chunk-26-1.pdf Graphic file (type pd
f)
<use Cas2Final_files/figure-latex/unnamed-chunk-26-1.pdf>
Package pdftex.def Info: Cas2Final_files/figure-latex/unnamed-chunk-26-1.pdf  u
sed on input line 2894.
(pdftex.def)             Requested size: 469.7731pt x 230.7366pt.

Overfull \hbox (15.01808pt too wide) in paragraph at lines 2894--2895
[][] 
 []

[90 <./Cas2Final_files/figure-latex/unnamed-chunk-26-1.pdf>]
<Cas2Final_files/figure-latex/unnamed-chunk-26-2.pdf, id=1129, 568.1225pt x 279
.0425pt>
File: Cas2Final_files/figure-latex/unnamed-chunk-26-2.pdf Graphic file (type pd
f)
<use Cas2Final_files/figure-latex/unnamed-chunk-26-2.pdf>
Package pdftex.def Info: Cas2Final_files/figure-latex/unnamed-chunk-26-2.pdf  u
sed on input line 2945.
(pdftex.def)             Requested size: 469.7731pt x 230.7366pt.

Overfull \hbox (15.01808pt too wide) in paragraph at lines 2945--2946
[][] 
 []

[91] [92 <./Cas2Final_files/figure-latex/unnamed-chunk-26-2.pdf>]
<Cas2Final_files/figure-latex/unnamed-chunk-26-3.pdf, id=1146, 571.13374pt x 27
9.0425pt>
File: Cas2Final_files/figure-latex/unnamed-chunk-26-3.pdf Graphic file (type pd
f)
<use Cas2Final_files/figure-latex/unnamed-chunk-26-3.pdf>
Package pdftex.def Info: Cas2Final_files/figure-latex/unnamed-chunk-26-3.pdf  u
sed on input line 2994.
(pdftex.def)             Requested size: 469.75322pt x 229.51035pt.

Overfull \hbox (14.9982pt too wide) in paragraph at lines 2994--2995
[][] 
 []

[93 <./Cas2Final_files/figure-latex/unnamed-chunk-26-3.pdf>] [94]
<Cas2Final_files/figure-latex/unnamed-chunk-26-4.pdf, id=1162, 568.1225pt x 279
.0425pt>
File: Cas2Final_files/figure-latex/unnamed-chunk-26-4.pdf Graphic file (type pd
f)
<use Cas2Final_files/figure-latex/unnamed-chunk-26-4.pdf>
Package pdftex.def Info: Cas2Final_files/figure-latex/unnamed-chunk-26-4.pdf  u
sed on input line 3041.
(pdftex.def)             Requested size: 469.7731pt x 230.7366pt.

Overfull \hbox (15.01808pt too wide) in paragraph at lines 3041--3042
[][] 
 []


Overfull \hbox (24.0727pt too wide) in paragraph at lines 3043--3056
[][] 
 []


Overfull \hbox (131.43909pt too wide) in paragraph at lines 3061--3082
 [][] 
 []

<Cas2Final_files/figure-latex/unnamed-chunk-30-1.pdf, id=1163, 562.1pt x 258.96
75pt>
File: Cas2Final_files/figure-latex/unnamed-chunk-30-1.pdf Graphic file (type pd
f)
<use Cas2Final_files/figure-latex/unnamed-chunk-30-1.pdf>
Package pdftex.def Info: Cas2Final_files/figure-latex/unnamed-chunk-30-1.pdf  u
sed on input line 3084.
(pdftex.def)             Requested size: 469.75067pt x 216.42082pt.
<Cas2Final_files/figure-latex/unnamed-chunk-30-2.pdf, id=1164, 562.1pt x 258.96
75pt>
File: Cas2Final_files/figure-latex/unnamed-chunk-30-2.pdf Graphic file (type pd
f)
<use Cas2Final_files/figure-latex/unnamed-chunk-30-2.pdf>
Package pdftex.def Info: Cas2Final_files/figure-latex/unnamed-chunk-30-2.pdf  u
sed on input line 3084.
(pdftex.def)             Requested size: 469.75067pt x 216.42082pt.

Overfull \hbox (14.99565pt too wide) in paragraph at lines 3084--3085
[][]
 []

[95pdfTeX warning (ext4): destination with the same identifier (name{table.9}) 
has been already used, duplicate ignored
<argument> ...shipout:D \box_use:N \l_shipout_box 
                                                  \__shipout_drop_firstpage_...
l.3085 
        <./Cas2Final_files/figure-latex/unnamed-chunk-26-4.pdf>]
Overfull \hbox (131.43909pt too wide) in paragraph at lines 3093--3126
 [][] 
 []

<Cas2Final_files/figure-latex/unnamed-chunk-31-1.pdf, id=1177, 562.1pt x 258.96
75pt>
File: Cas2Final_files/figure-latex/unnamed-chunk-31-1.pdf Graphic file (type pd
f)
<use Cas2Final_files/figure-latex/unnamed-chunk-31-1.pdf>
Package pdftex.def Info: Cas2Final_files/figure-latex/unnamed-chunk-31-1.pdf  u
sed on input line 3128.
(pdftex.def)             Requested size: 469.75067pt x 216.42082pt.

Overfull \hbox (176.90155pt too wide) in paragraph at lines 3128--3129
 \T1/lmr/bx/n/10 3.2.2.2.3. Me-tri-cas Ge-ne-ra-les[] [] 
 []

[96 <./Cas2Final_files/figure-latex/unnamed-chunk-30-1.pdf> <./Cas2Final_files/
figure-latex/unnamed-chunk-30-2.pdf>] [97pdfTeX warning (ext4): destination wit
h the same identifier (name{table.10}) has been already used, duplicate ignored

<argument> ...shipout:D \box_use:N \l_shipout_box 
                                                  \__shipout_drop_firstpage_...
l.3156 \end{verbatim}
                      <./Cas2Final_files/figure-latex/unnamed-chunk-31-1.pdf>]
Overfull \hbox (147.90239pt too wide) in paragraph at lines 3158--3171
[][] 
 []


Overfull \hbox (147.76338pt too wide) in paragraph at lines 3172--3185
[][] 
 []


Overfull \hbox (212.90295pt too wide) in paragraph at lines 3207--3226
[][] 
 []

[98]
Overfull \hbox (192.76395pt too wide) in paragraph at lines 3227--3246
[][] 
 []


Overfull \hbox (147.90239pt too wide) in paragraph at lines 3263--3278
[][] 
 []


Overfull \hbox (132.76338pt too wide) in paragraph at lines 3279--3294
[][] 
 []

[99]
Overfull \hbox (207.90295pt too wide) in paragraph at lines 3328--3349
[][] 
 []


Overfull \hbox (187.76395pt too wide) in paragraph at lines 3350--3371
[][] 
 []

[100] [101] [102] (./Cas2Final.aux
LaTeX Info: Redefining \. on input line 25.
LaTeX Info: Redefining \% on input line 25.
)

LaTeX Warning: There were undefined references.

Package rerunfilecheck Info: File `Cas2Final.out' has not changed.
(rerunfilecheck)             Checksum: F0ACB470877BF4A66F006AE670C1F4E8;2806.
 ) 
Here is how much of TeX's memory you used:
 13371 strings out of 480541
 222181 string characters out of 5901681
 631477 words of memory out of 5000000
 30467 multiletter control sequences out of 15000+600000
 472891 words of font info for 74 fonts, out of 8000000 for 9000
 14 hyphenation exceptions out of 8191
 70i,8n,81p,842b,493s stack positions out of 5000i,500n,10000p,200000b,80000s
pdfTeX warning (dest): name{Hfootnote.3} has been referenced but does not exi
st, replaced by a fixed one

pdfTeX warning (dest): name{Hfootnote.2} has been referenced but does not exist
, replaced by a fixed one

pdfTeX warning (dest): name{Hfootnote.1} has been referenced but does not exist
, replaced by a fixed one

{/Users/Sergio/Library/TinyTeX/texmf-dist/fonts/enc/dvips/lm/lm-ec.enc}{/Users/
Sergio/Library/TinyTeX/texmf-dist/fonts/enc/dvips/lm/lm-ts1.enc}{/Users/Sergio/
Library/TinyTeX/texmf-dist/fonts/enc/dvips/lm/lm-mathsy.enc}{/Users/Sergio/Libr
ary/TinyTeX/texmf-dist/fonts/enc/dvips/lm/lm-rm.enc}{/Users/Sergio/Library/Tiny
TeX/texmf-dist/fonts/enc/dvips/lm/lm-mathex.enc}{/Users/Sergio/Library/TinyTeX/
texmf-dist/fonts/enc/dvips/lm/lm-mathit.enc}</Users/Sergio/Library/TinyTeX/texm
f-dist/fonts/type1/public/lm/lmbx10.pfb></Users/Sergio/Library/TinyTeX/texmf-di
st/fonts/type1/public/lm/lmbx12.pfb></Users/Sergio/Library/TinyTeX/texmf-dist/f
onts/type1/public/lm/lmbx9.pfb></Users/Sergio/Library/TinyTeX/texmf-dist/fonts/
type1/public/lm/lmex10.pfb></Users/Sergio/Library/TinyTeX/texmf-dist/fonts/type
1/public/lm/lmmi10.pfb></Users/Sergio/Library/TinyTeX/texmf-dist/fonts/type1/pu
blic/lm/lmmi7.pfb></Users/Sergio/Library/TinyTeX/texmf-dist/fonts/type1/public/
lm/lmr10.pfb></Users/Sergio/Library/TinyTeX/texmf-dist/fonts/type1/public/lm/lm
r12.pfb></Users/Sergio/Library/TinyTeX/texmf-dist/fonts/type1/public/lm/lmr17.p
fb></Users/Sergio/Library/TinyTeX/texmf-dist/fonts/type1/public/lm/lmr6.pfb></U
sers/Sergio/Library/TinyTeX/texmf-dist/fonts/type1/public/lm/lmr7.pfb></Users/S
ergio/Library/TinyTeX/texmf-dist/fonts/type1/public/lm/lmr8.pfb></Users/Sergio/
Library/TinyTeX/texmf-dist/fonts/type1/public/lm/lmr9.pfb></Users/Sergio/Librar
y/TinyTeX/texmf-dist/fonts/type1/public/lm/lmri10.pfb></Users/Sergio/Library/Ti
nyTeX/texmf-dist/fonts/type1/public/lm/lmri8.pfb></Users/Sergio/Library/TinyTeX
/texmf-dist/fonts/type1/public/lm/lmsy10.pfb></Users/Sergio/Library/TinyTeX/tex
mf-dist/fonts/type1/public/lm/lmsy7.pfb></Users/Sergio/Library/TinyTeX/texmf-di
st/fonts/type1/public/lm/lmtt10.pfb>
Output written on Cas2Final.pdf (102 pages, 2601191 bytes).
PDF statistics:
 1403 PDF objects out of 1440 (max. 8388607)
 1051 compressed objects within 11 object streams
 230 named destinations out of 1000 (max. 500000)
 491 words of extra memory for PDF output out of 10000 (max. 10000000)

