This is pdfTeX, Version 3.141592653-2.6-1.40.23 (TeX Live 2022/dev) (preloaded format=pdflatex 2022.1.26)  26 JAN 2022 19:44
entering extended mode
 restricted \write18 enabled.
 %&-line parsing enabled.
**Cas2Final2.tex
(./Cas2Final2.tex
LaTeX2e <2021-11-15> patch level 1
L3 programming layer <2022-01-21> (/Users/Sergio/Library/TinyTeX/texmf-dist/tex
/latex/base/article.cls
Document Class: article 2021/10/04 v1.4n Standard LaTeX document class
(/Users/Sergio/Library/TinyTeX/texmf-dist/tex/latex/base/size10.clo
File: size10.clo 2021/10/04 v1.4n Standard LaTeX file (size option)
)
\c@part=\count185
\c@section=\count186
\c@subsection=\count187
\c@subsubsection=\count188
\c@paragraph=\count189
\c@subparagraph=\count190
\c@figure=\count191
\c@table=\count192
\abovecaptionskip=\skip47
\belowcaptionskip=\skip48
\bibindent=\dimen138
) (/Users/Sergio/Library/TinyTeX/texmf-dist/tex/latex/amsmath/amsmath.sty
Package: amsmath 2021/10/15 v2.17l AMS math features
\@mathmargin=\skip49
For additional information on amsmath, use the `?' option.
(/Users/Sergio/Library/TinyTeX/texmf-dist/tex/latex/amsmath/amstext.sty
Package: amstext 2021/08/26 v2.01 AMS text
(/Users/Sergio/Library/TinyTeX/texmf-dist/tex/latex/amsmath/amsgen.sty
File: amsgen.sty 1999/11/30 v2.0 generic functions
\@emptytoks=\toks16
\ex@=\dimen139
)) (/Users/Sergio/Library/TinyTeX/texmf-dist/tex/latex/amsmath/amsbsy.sty
Package: amsbsy 1999/11/29 v1.2d Bold Symbols
\pmbraise@=\dimen140
) (/Users/Sergio/Library/TinyTeX/texmf-dist/tex/latex/amsmath/amsopn.sty
Package: amsopn 2021/08/26 v2.02 operator names
)
\inf@bad=\count193
LaTeX Info: Redefining \frac on input line 234.
\uproot@=\count194
\leftroot@=\count195
LaTeX Info: Redefining \overline on input line 399.
\classnum@=\count196
\DOTSCASE@=\count197
LaTeX Info: Redefining \ldots on input line 496.
LaTeX Info: Redefining \dots on input line 499.
LaTeX Info: Redefining \cdots on input line 620.
\Mathstrutbox@=\box50
\strutbox@=\box51
\big@size=\dimen141
LaTeX Font Info:    Redeclaring font encoding OML on input line 743.
LaTeX Font Info:    Redeclaring font encoding OMS on input line 744.
\macc@depth=\count198
\c@MaxMatrixCols=\count199
\dotsspace@=\muskip16
\c@parentequation=\count266
\dspbrk@lvl=\count267
\tag@help=\toks17
\row@=\count268
\column@=\count269
\maxfields@=\count270
\andhelp@=\toks18
\eqnshift@=\dimen142
\alignsep@=\dimen143
\tagshift@=\dimen144
\tagwidth@=\dimen145
\totwidth@=\dimen146
\lineht@=\dimen147
\@envbody=\toks19
\multlinegap=\skip50
\multlinetaggap=\skip51
\mathdisplay@stack=\toks20
LaTeX Info: Redefining \[ on input line 2938.
LaTeX Info: Redefining \] on input line 2939.
) (/Users/Sergio/Library/TinyTeX/texmf-dist/tex/latex/amsfonts/amssymb.sty
Package: amssymb 2013/01/14 v3.01 AMS font symbols
(/Users/Sergio/Library/TinyTeX/texmf-dist/tex/latex/amsfonts/amsfonts.sty
Package: amsfonts 2013/01/14 v3.01 Basic AMSFonts support
\symAMSa=\mathgroup4
\symAMSb=\mathgroup5
LaTeX Font Info:    Redeclaring math symbol \hbar on input line 98.
LaTeX Font Info:    Overwriting math alphabet `\mathfrak' in version `bold'
(Font)                  U/euf/m/n --> U/euf/b/n on input line 106.
)) (/Users/Sergio/Library/TinyTeX/texmf-dist/tex/latex/lm/lmodern.sty
Package: lmodern 2015/05/01 v1.6.1 Latin Modern Fonts
LaTeX Font Info:    Overwriting symbol font `operators' in version `normal'
(Font)                  OT1/cmr/m/n --> OT1/lmr/m/n on input line 22.
LaTeX Font Info:    Overwriting symbol font `letters' in version `normal'
(Font)                  OML/cmm/m/it --> OML/lmm/m/it on input line 23.
LaTeX Font Info:    Overwriting symbol font `symbols' in version `normal'
(Font)                  OMS/cmsy/m/n --> OMS/lmsy/m/n on input line 24.
LaTeX Font Info:    Overwriting symbol font `largesymbols' in version `normal'
(Font)                  OMX/cmex/m/n --> OMX/lmex/m/n on input line 25.
LaTeX Font Info:    Overwriting symbol font `operators' in version `bold'
(Font)                  OT1/cmr/bx/n --> OT1/lmr/bx/n on input line 26.
LaTeX Font Info:    Overwriting symbol font `letters' in version `bold'
(Font)                  OML/cmm/b/it --> OML/lmm/b/it on input line 27.
LaTeX Font Info:    Overwriting symbol font `symbols' in version `bold'
(Font)                  OMS/cmsy/b/n --> OMS/lmsy/b/n on input line 28.
LaTeX Font Info:    Overwriting symbol font `largesymbols' in version `bold'
(Font)                  OMX/cmex/m/n --> OMX/lmex/m/n on input line 29.
LaTeX Font Info:    Overwriting math alphabet `\mathbf' in version `normal'
(Font)                  OT1/cmr/bx/n --> OT1/lmr/bx/n on input line 31.
LaTeX Font Info:    Overwriting math alphabet `\mathsf' in version `normal'
(Font)                  OT1/cmss/m/n --> OT1/lmss/m/n on input line 32.
LaTeX Font Info:    Overwriting math alphabet `\mathit' in version `normal'
(Font)                  OT1/cmr/m/it --> OT1/lmr/m/it on input line 33.
LaTeX Font Info:    Overwriting math alphabet `\mathtt' in version `normal'
(Font)                  OT1/cmtt/m/n --> OT1/lmtt/m/n on input line 34.
LaTeX Font Info:    Overwriting math alphabet `\mathbf' in version `bold'
(Font)                  OT1/cmr/bx/n --> OT1/lmr/bx/n on input line 35.
LaTeX Font Info:    Overwriting math alphabet `\mathsf' in version `bold'
(Font)                  OT1/cmss/bx/n --> OT1/lmss/bx/n on input line 36.
LaTeX Font Info:    Overwriting math alphabet `\mathit' in version `bold'
(Font)                  OT1/cmr/bx/it --> OT1/lmr/bx/it on input line 37.
LaTeX Font Info:    Overwriting math alphabet `\mathtt' in version `bold'
(Font)                  OT1/cmtt/m/n --> OT1/lmtt/m/n on input line 38.
) (/Users/Sergio/Library/TinyTeX/texmf-dist/tex/generic/iftex/ifxetex.sty
Package: ifxetex 2019/10/25 v0.7 ifxetex legacy package. Use iftex instead.
(/Users/Sergio/Library/TinyTeX/texmf-dist/tex/generic/iftex/iftex.sty
Package: iftex 2020/03/06 v1.0d TeX engine tests
)) (/Users/Sergio/Library/TinyTeX/texmf-dist/tex/generic/iftex/ifluatex.sty
Package: ifluatex 2019/10/25 v1.5 ifluatex legacy package. Use iftex instead.
) (/Users/Sergio/Library/TinyTeX/texmf-dist/tex/latex/base/fontenc.sty
Package: fontenc 2021/04/29 v2.0v Standard LaTeX package
LaTeX Font Info:    Trying to load font information for T1+lmr on input line 11
2.
(/Users/Sergio/Library/TinyTeX/texmf-dist/tex/latex/lm/t1lmr.fd
File: t1lmr.fd 2015/05/01 v1.6.1 Font defs for Latin Modern
)) (/Users/Sergio/Library/TinyTeX/texmf-dist/tex/latex/base/inputenc.sty
Package: inputenc 2021/02/14 v1.3d Input encoding file
\inpenc@prehook=\toks21
\inpenc@posthook=\toks22
) (/Users/Sergio/Library/TinyTeX/texmf-dist/tex/latex/base/textcomp.sty
Package: textcomp 2020/02/02 v2.0n Standard LaTeX package
) (/Users/Sergio/Library/TinyTeX/texmf-dist/tex/latex/xcolor/xcolor.sty
Package: xcolor 2021/10/31 v2.13 LaTeX color extensions (UK)
(/Users/Sergio/Library/TinyTeX/texmf-dist/tex/latex/graphics-cfg/color.cfg
File: color.cfg 2016/01/02 v1.6 sample color configuration
)
Package xcolor Info: Driver file: pdftex.def on input line 227.
(/Users/Sergio/Library/TinyTeX/texmf-dist/tex/latex/graphics-def/pdftex.def
File: pdftex.def 2020/10/05 v1.2a Graphics/color driver for pdftex
)
Package xcolor Info: Model `cmy' substituted by `cmy0' on input line 1352.
Package xcolor Info: Model `hsb' substituted by `rgb' on input line 1356.
Package xcolor Info: Model `RGB' extended on input line 1368.
Package xcolor Info: Model `HTML' substituted by `rgb' on input line 1370.
Package xcolor Info: Model `Hsb' substituted by `hsb' on input line 1371.
Package xcolor Info: Model `tHsb' substituted by `hsb' on input line 1372.
Package xcolor Info: Model `HSB' substituted by `hsb' on input line 1373.
Package xcolor Info: Model `Gray' substituted by `gray' on input line 1374.
Package xcolor Info: Model `wave' substituted by `hsb' on input line 1375.
) (/Users/Sergio/Library/TinyTeX/texmf-dist/tex/latex/hyperref/hyperref.sty
Package: hyperref 2021-06-07 v7.00m Hypertext links for LaTeX
(/Users/Sergio/Library/TinyTeX/texmf-dist/tex/generic/ltxcmds/ltxcmds.sty
Package: ltxcmds 2020-05-10 v1.25 LaTeX kernel commands for general use (HO)
)
(/Users/Sergio/Library/TinyTeX/texmf-dist/tex/generic/pdftexcmds/pdftexcmds.sty
Package: pdftexcmds 2020-06-27 v0.33 Utility functions of pdfTeX for LuaTeX (HO
)
(/Users/Sergio/Library/TinyTeX/texmf-dist/tex/generic/infwarerr/infwarerr.sty
Package: infwarerr 2019/12/03 v1.5 Providing info/warning/error messages (HO)
)
Package pdftexcmds Info: \pdf@primitive is available.
Package pdftexcmds Info: \pdf@ifprimitive is available.
Package pdftexcmds Info: \pdfdraftmode found.
) (/Users/Sergio/Library/TinyTeX/texmf-dist/tex/latex/graphics/keyval.sty
Package: keyval 2014/10/28 v1.15 key=value parser (DPC)
\KV@toks@=\toks23
) (/Users/Sergio/Library/TinyTeX/texmf-dist/tex/generic/kvsetkeys/kvsetkeys.sty
Package: kvsetkeys 2019/12/15 v1.18 Key value parser (HO)
)
(/Users/Sergio/Library/TinyTeX/texmf-dist/tex/generic/kvdefinekeys/kvdefinekeys
.sty
Package: kvdefinekeys 2019-12-19 v1.6 Define keys (HO)
) (/Users/Sergio/Library/TinyTeX/texmf-dist/tex/generic/pdfescape/pdfescape.sty
Package: pdfescape 2019/12/09 v1.15 Implements pdfTeX's escape features (HO)
) (/Users/Sergio/Library/TinyTeX/texmf-dist/tex/latex/hycolor/hycolor.sty
Package: hycolor 2020-01-27 v1.10 Color options for hyperref/bookmark (HO)
)
(/Users/Sergio/Library/TinyTeX/texmf-dist/tex/latex/letltxmacro/letltxmacro.sty
Package: letltxmacro 2019/12/03 v1.6 Let assignment for LaTeX macros (HO)
) (/Users/Sergio/Library/TinyTeX/texmf-dist/tex/latex/auxhook/auxhook.sty
Package: auxhook 2019-12-17 v1.6 Hooks for auxiliary files (HO)
) (/Users/Sergio/Library/TinyTeX/texmf-dist/tex/latex/kvoptions/kvoptions.sty
Package: kvoptions 2020-10-07 v3.14 Key value format for package options (HO)
)
\@linkdim=\dimen148
\Hy@linkcounter=\count271
\Hy@pagecounter=\count272
(/Users/Sergio/Library/TinyTeX/texmf-dist/tex/latex/hyperref/pd1enc.def
File: pd1enc.def 2021-06-07 v7.00m Hyperref: PDFDocEncoding definition (HO)
Now handling font encoding PD1 ...
... no UTF-8 mapping file for font encoding PD1
)
(/Users/Sergio/Library/TinyTeX/texmf-dist/tex/latex/hyperref/hyperref-langpatch
es.def
File: hyperref-langpatches.def 2021-06-07 v7.00m Hyperref: patches for babel la
nguages
) (/Users/Sergio/Library/TinyTeX/texmf-dist/tex/generic/intcalc/intcalc.sty
Package: intcalc 2019/12/15 v1.3 Expandable calculations with integers (HO)
) (/Users/Sergio/Library/TinyTeX/texmf-dist/tex/generic/etexcmds/etexcmds.sty
Package: etexcmds 2019/12/15 v1.7 Avoid name clashes with e-TeX commands (HO)
)
\Hy@SavedSpaceFactor=\count273
(/Users/Sergio/Library/TinyTeX/texmf-dist/tex/latex/hyperref/puenc.def
File: puenc.def 2021-06-07 v7.00m Hyperref: PDF Unicode definition (HO)
Now handling font encoding PU ...
... no UTF-8 mapping file for font encoding PU
)
Package hyperref Info: Option `unicode' set `true' on input line 4073.
Package hyperref Info: Hyper figures OFF on input line 4192.
Package hyperref Info: Link nesting OFF on input line 4197.
Package hyperref Info: Hyper index ON on input line 4200.
Package hyperref Info: Plain pages OFF on input line 4207.
Package hyperref Info: Backreferencing OFF on input line 4212.
Package hyperref Info: Implicit mode ON; LaTeX internals redefined.
Package hyperref Info: Bookmarks ON on input line 4445.
\c@Hy@tempcnt=\count274
(/Users/Sergio/Library/TinyTeX/texmf-dist/tex/latex/url/url.sty
\Urlmuskip=\muskip17
Package: url 2013/09/16  ver 3.4  Verb mode for urls, etc.
)
LaTeX Info: Redefining \url on input line 4804.
\XeTeXLinkMargin=\dimen149
(/Users/Sergio/Library/TinyTeX/texmf-dist/tex/generic/bitset/bitset.sty
Package: bitset 2019/12/09 v1.3 Handle bit-vector datatype (HO)

(/Users/Sergio/Library/TinyTeX/texmf-dist/tex/generic/bigintcalc/bigintcalc.sty
Package: bigintcalc 2019/12/15 v1.5 Expandable calculations on big integers (HO
)
))
\Fld@menulength=\count275
\Field@Width=\dimen150
\Fld@charsize=\dimen151
Package hyperref Info: Hyper figures OFF on input line 6076.
Package hyperref Info: Link nesting OFF on input line 6081.
Package hyperref Info: Hyper index ON on input line 6084.
Package hyperref Info: backreferencing OFF on input line 6091.
Package hyperref Info: Link coloring OFF on input line 6096.
Package hyperref Info: Link coloring with OCG OFF on input line 6101.
Package hyperref Info: PDF/A mode OFF on input line 6106.
LaTeX Info: Redefining \ref on input line 6146.
LaTeX Info: Redefining \pageref on input line 6150.
(/Users/Sergio/Library/TinyTeX/texmf-dist/tex/latex/base/atbegshi-ltx.sty
Package: atbegshi-ltx 2021/01/10 v1.0c Emulation of the original atbegshi
package with kernel methods
)
\Hy@abspage=\count276
\c@Item=\count277
\c@Hfootnote=\count278
)
Package hyperref Info: Driver (autodetected): hpdftex.
(/Users/Sergio/Library/TinyTeX/texmf-dist/tex/latex/hyperref/hpdftex.def
File: hpdftex.def 2021-06-07 v7.00m Hyperref driver for pdfTeX
(/Users/Sergio/Library/TinyTeX/texmf-dist/tex/latex/base/atveryend-ltx.sty
Package: atveryend-ltx 2020/08/19 v1.0a Emulation of the original atveryend pac
kage
with kernel methods
)
\Fld@listcount=\count279
\c@bookmark@seq@number=\count280

(/Users/Sergio/Library/TinyTeX/texmf-dist/tex/latex/rerunfilecheck/rerunfileche
ck.sty
Package: rerunfilecheck 2019/12/05 v1.9 Rerun checks for auxiliary files (HO)

(/Users/Sergio/Library/TinyTeX/texmf-dist/tex/generic/uniquecounter/uniquecount
er.sty
Package: uniquecounter 2019/12/15 v1.4 Provide unlimited unique counter (HO)
)
Package uniquecounter Info: New unique counter `rerunfilecheck' on input line 2
86.
)
\Hy@SectionHShift=\skip52
) (/Users/Sergio/Library/TinyTeX/texmf-dist/tex/latex/geometry/geometry.sty
Package: geometry 2020/01/02 v5.9 Page Geometry
(/Users/Sergio/Library/TinyTeX/texmf-dist/tex/generic/iftex/ifvtex.sty
Package: ifvtex 2019/10/25 v1.7 ifvtex legacy package. Use iftex instead.
)
\Gm@cnth=\count281
\Gm@cntv=\count282
\c@Gm@tempcnt=\count283
\Gm@bindingoffset=\dimen152
\Gm@wd@mp=\dimen153
\Gm@odd@mp=\dimen154
\Gm@even@mp=\dimen155
\Gm@layoutwidth=\dimen156
\Gm@layoutheight=\dimen157
\Gm@layouthoffset=\dimen158
\Gm@layoutvoffset=\dimen159
\Gm@dimlist=\toks24
) (/Users/Sergio/Library/TinyTeX/texmf-dist/tex/latex/tools/longtable.sty
Package: longtable 2021-09-01 v4.17 Multi-page Table package (DPC)
\LTleft=\skip53
\LTright=\skip54
\LTpre=\skip55
\LTpost=\skip56
\LTchunksize=\count284
\LTcapwidth=\dimen160
\LT@head=\box52
\LT@firsthead=\box53
\LT@foot=\box54
\LT@lastfoot=\box55
\LT@gbox=\box56
\LT@cols=\count285
\LT@rows=\count286
\c@LT@tables=\count287
\c@LT@chunks=\count288
\LT@p@ftn=\toks25
) (/Users/Sergio/Library/TinyTeX/texmf-dist/tex/latex/booktabs/booktabs.sty
Package: booktabs 2020/01/12 v1.61803398 Publication quality tables
\heavyrulewidth=\dimen161
\lightrulewidth=\dimen162
\cmidrulewidth=\dimen163
\belowrulesep=\dimen164
\belowbottomsep=\dimen165
\aboverulesep=\dimen166
\abovetopsep=\dimen167
\cmidrulesep=\dimen168
\cmidrulekern=\dimen169
\defaultaddspace=\dimen170
\@cmidla=\count289
\@cmidlb=\count290
\@aboverulesep=\dimen171
\@belowrulesep=\dimen172
\@thisruleclass=\count291
\@lastruleclass=\count292
\@thisrulewidth=\dimen173
) (/Users/Sergio/Library/TinyTeX/texmf-dist/tex/latex/tools/array.sty
Package: array 2021/10/04 v2.5f Tabular extension package (FMi)
\col@sep=\dimen174
\ar@mcellbox=\box57
\extrarowheight=\dimen175
\NC@list=\toks26
\extratabsurround=\skip57
\backup@length=\skip58
\ar@cellbox=\box58
) (/Users/Sergio/Library/TinyTeX/texmf-dist/tex/latex/tools/calc.sty
Package: calc 2017/05/25 v4.3 Infix arithmetic (KKT,FJ)
\calc@Acount=\count293
\calc@Bcount=\count294
\calc@Adimen=\dimen176
\calc@Bdimen=\dimen177
\calc@Askip=\skip59
\calc@Bskip=\skip60
LaTeX Info: Redefining \setlength on input line 80.
LaTeX Info: Redefining \addtolength on input line 81.
\calc@Ccount=\count295
\calc@Cskip=\skip61
) (/Users/Sergio/Library/TinyTeX/texmf-dist/tex/latex/etoolbox/etoolbox.sty
Package: etoolbox 2020/10/05 v2.5k e-TeX tools for LaTeX (JAW)
\etb@tempcnta=\count296
) (/Users/Sergio/Library/TinyTeX/texmf-dist/tex/latex/mdwtools/footnote.sty
Package: footnote 1997/01/28 1.13 Save footnotes around boxes
\fn@notes=\box59
\fn@width=\dimen178
) (/Users/Sergio/Library/TinyTeX/texmf-dist/tex/latex/graphics/graphicx.sty
Package: graphicx 2021/09/16 v1.2d Enhanced LaTeX Graphics (DPC,SPQR)
(/Users/Sergio/Library/TinyTeX/texmf-dist/tex/latex/graphics/graphics.sty
Package: graphics 2021/03/04 v1.4d Standard LaTeX Graphics (DPC,SPQR)
(/Users/Sergio/Library/TinyTeX/texmf-dist/tex/latex/graphics/trig.sty
Package: trig 2021/08/11 v1.11 sin cos tan (DPC)
) (/Users/Sergio/Library/TinyTeX/texmf-dist/tex/latex/graphics-cfg/graphics.cfg
File: graphics.cfg 2016/06/04 v1.11 sample graphics configuration
)
Package graphics Info: Driver file: pdftex.def on input line 107.
)
\Gin@req@height=\dimen179
\Gin@req@width=\dimen180
) (/Users/Sergio/Library/TinyTeX/texmf-dist/tex/generic/babel/babel.sty
Package: babel 2021/12/30 3.69 The Babel package
\babel@savecnt=\count297
\U@D=\dimen181
\l@unhyphenated=\language4
(/Users/Sergio/Library/TinyTeX/texmf-dist/tex/generic/babel/txtbabel.def)
\bbl@readstream=\read2
\bbl@dirlevel=\count298

(/Users/Sergio/Library/TinyTeX/texmf-dist/tex/generic/babel-spanish/spanish.ldf
Language: spanish.ldf 2021/05/27 v5.0q Spanish support from the babel system
\es@quottoks=\toks27
\es@quotdepth=\count299
Package babel Info: Making " an active character on input line 570.
Package babel Info: Making . an active character on input line 675.
Package babel Info: Making < an active character on input line 722.
Package babel Info: Making > an active character on input line 722.
)) (/Users/Sergio/Library/TinyTeX/texmf-dist/tex/latex/multirow/multirow.sty
Package: multirow 2021/03/15 v2.8 Span multiple rows of a table
\multirow@colwidth=\skip62
\multirow@cntb=\count300
\multirow@dima=\skip63
\bigstrutjot=\dimen182
) (/Users/Sergio/Library/TinyTeX/texmf-dist/tex/latex/pdflscape/pdflscape.sty
Package: pdflscape 2019/12/05 v0.12 Display of landscape pages in PDF (HO)
(/Users/Sergio/Library/TinyTeX/texmf-dist/tex/latex/graphics/lscape.sty
Package: lscape 2020/05/28 v3.02 Landscape Pages (DPC)
)
Package pdflscape Info: Auto-detected driver: pdftex on input line 81.
) (/Users/Sergio/Library/TinyTeX/texmf-dist/tex/latex/float/float.sty
Package: float 2001/11/08 v1.3d Float enhancements (AL)
\c@float@type=\count301
\float@exts=\toks28
\float@box=\box60
\@float@everytoks=\toks29
\@floatcapt=\box61
) (/Users/Sergio/Library/TinyTeX/texmf-dist/tex/latex/setspace/setspace.sty
Package: setspace 2011/12/19 v6.7a set line spacing
) (/Users/Sergio/Library/TinyTeX/texmf-dist/tex/latex/adjustbox/adjustbox.sty
Package: adjustbox 2020/08/19 v1.3 Adjusting TeX boxes (trim, clip, ...)
(/Users/Sergio/Library/TinyTeX/texmf-dist/tex/latex/xkeyval/xkeyval.sty
Package: xkeyval 2020/11/20 v2.8 package option processing (HA)
(/Users/Sergio/Library/TinyTeX/texmf-dist/tex/generic/xkeyval/xkeyval.tex (/Use
rs/Sergio/Library/TinyTeX/texmf-dist/tex/generic/xkeyval/xkvutils.tex
\XKV@toks=\toks30
\XKV@tempa@toks=\toks31
)
\XKV@depth=\count302
File: xkeyval.tex 2014/12/03 v2.7a key=value parser (HA)
)) (/Users/Sergio/Library/TinyTeX/texmf-dist/tex/latex/adjustbox/adjcalc.sty
Package: adjcalc 2012/05/16 v1.1 Provides advanced setlength with multiple back
-ends (calc, etex, pgfmath)
) (/Users/Sergio/Library/TinyTeX/texmf-dist/tex/latex/adjustbox/trimclip.sty
Package: trimclip 2020/08/19 v1.2 Trim and clip general TeX material
(/Users/Sergio/Library/TinyTeX/texmf-dist/tex/latex/collectbox/collectbox.sty
Package: collectbox 2012/05/17 v0.4b Collect macro arguments as boxes
\collectedbox=\box62
)
\tc@llx=\dimen183
\tc@lly=\dimen184
\tc@urx=\dimen185
\tc@ury=\dimen186
Package trimclip Info: Using driver 'tc-pdftex.def'.
(/Users/Sergio/Library/TinyTeX/texmf-dist/tex/latex/adjustbox/tc-pdftex.def
File: tc-pdftex.def 2019/01/04 v2.2 Clipping driver for pdftex
))
\adjbox@Width=\dimen187
\adjbox@Height=\dimen188
\adjbox@Depth=\dimen189
\adjbox@Totalheight=\dimen190
\adjbox@pwidth=\dimen191
\adjbox@pheight=\dimen192
\adjbox@pdepth=\dimen193
\adjbox@ptotalheight=\dimen194
) (/Users/Sergio/Library/TinyTeX/texmf-dist/tex/latex/lipsum/lipsum.sty
(/Users/Sergio/Library/TinyTeX/texmf-dist/tex/latex/l3packages/l3keys2e/l3keys2
e.sty (/Users/Sergio/Library/TinyTeX/texmf-dist/tex/latex/l3kernel/expl3.sty
Package: expl3 2022-01-21 L3 programming layer (loader) 

(/Users/Sergio/Library/TinyTeX/texmf-dist/tex/latex/l3backend/l3backend-pdftex.
def
File: l3backend-pdftex.def 2022-01-12 L3 backend support: PDF output (pdfTeX)
\l__color_backend_stack_int=\count303
\l__pdf_internal_box=\box63
))
Package: l3keys2e 2022-01-12 LaTeX2e option processing using LaTeX3 keys
)
Package: lipsum 2021-09-20 v2.7 150 paragraphs of Lorem Ipsum dummy text
\g__lipsum_par_int=\count304
\l__lipsum_a_int=\count305
\l__lipsum_b_int=\count306
(/Users/Sergio/Library/TinyTeX/texmf-dist/tex/latex/lipsum/lipsum.ltd.tex))
   defining Unicode char U+0301 (decimal 769)
\cslhangindent=\skip64
\csllabelwidth=\skip65
(./Cas2Final2.aux
LaTeX Info: Redefining \. on input line 25.
LaTeX Info: Redefining \% on input line 25.
)
\openout1 = `Cas2Final2.aux'.

LaTeX Font Info:    Checking defaults for OML/cmm/m/it on input line 102.
LaTeX Font Info:    ... okay on input line 102.
LaTeX Font Info:    Checking defaults for OMS/cmsy/m/n on input line 102.
LaTeX Font Info:    ... okay on input line 102.
LaTeX Font Info:    Checking defaults for OT1/cmr/m/n on input line 102.
LaTeX Font Info:    ... okay on input line 102.
LaTeX Font Info:    Checking defaults for T1/cmr/m/n on input line 102.
LaTeX Font Info:    ... okay on input line 102.
LaTeX Font Info:    Checking defaults for TS1/cmr/m/n on input line 102.
LaTeX Font Info:    ... okay on input line 102.
LaTeX Font Info:    Checking defaults for OMX/cmex/m/n on input line 102.
LaTeX Font Info:    ... okay on input line 102.
LaTeX Font Info:    Checking defaults for U/cmr/m/n on input line 102.
LaTeX Font Info:    ... okay on input line 102.
LaTeX Font Info:    Checking defaults for PD1/pdf/m/n on input line 102.
LaTeX Font Info:    ... okay on input line 102.
LaTeX Font Info:    Checking defaults for PU/pdf/m/n on input line 102.
LaTeX Font Info:    ... okay on input line 102.

(/Users/Sergio/Library/TinyTeX/texmf-dist/tex/latex/epstopdf-pkg/epstopdf-base.
sty
Package: epstopdf-base 2020-01-24 v2.11 Base part for package epstopdf
Package epstopdf-base Info: Redefining graphics rule for `.eps' on input line 4
85.

(/Users/Sergio/Library/TinyTeX/texmf-dist/tex/latex/latexconfig/epstopdf-sys.cf
g
File: epstopdf-sys.cfg 2010/07/13 v1.3 Configuration of (r)epstopdf for TeX Liv
e
))
Package hyperref Info: Link coloring OFF on input line 102.
(/Users/Sergio/Library/TinyTeX/texmf-dist/tex/latex/hyperref/nameref.sty
Package: nameref 2021-04-02 v2.47 Cross-referencing by name of section
(/Users/Sergio/Library/TinyTeX/texmf-dist/tex/latex/refcount/refcount.sty
Package: refcount 2019/12/15 v3.6 Data extraction from label references (HO)
)
(/Users/Sergio/Library/TinyTeX/texmf-dist/tex/generic/gettitlestring/gettitlest
ring.sty
Package: gettitlestring 2019/12/15 v1.6 Cleanup title references (HO)
)
\c@section@level=\count307
)
LaTeX Info: Redefining \ref on input line 102.
LaTeX Info: Redefining \pageref on input line 102.
LaTeX Info: Redefining \nameref on input line 102.
(./Cas2Final2.out) (./Cas2Final2.out)
\@outlinefile=\write3
\openout3 = `Cas2Final2.out'.

*geometry* driver: auto-detecting
*geometry* detected driver: pdftex
*geometry* verbose mode - [ preamble ] result:
* driver: pdftex
* paper: <default>
* layout: <same size as paper>
* layoutoffset:(h,v)=(0.0pt,0.0pt)
* modes: 
* h-part:(L,W,R)=(72.26999pt, 469.75502pt, 72.26999pt)
* v-part:(T,H,B)=(72.26999pt, 650.43001pt, 72.26999pt)
* \paperwidth=614.295pt
* \paperheight=794.96999pt
* \textwidth=469.75502pt
* \textheight=650.43001pt
* \oddsidemargin=0.0pt
* \evensidemargin=0.0pt
* \topmargin=-37.0pt
* \headheight=12.0pt
* \headsep=25.0pt
* \topskip=10.0pt
* \footskip=30.0pt
* \marginparwidth=65.0pt
* \marginparsep=11.0pt
* \columnsep=10.0pt
* \skip\footins=9.0pt plus 4.0pt minus 2.0pt
* \hoffset=0.0pt
* \voffset=0.0pt
* \mag=1000
* \@twocolumnfalse
* \@twosidefalse
* \@mparswitchfalse
* \@reversemarginfalse
* (1in=72.27pt=25.4mm, 1cm=28.453pt)

LaTeX Info: Redefining \. on input line 102.
LaTeX Info: Redefining \% on input line 102.
LaTeX Font Info:    Trying to load font information for OT1+lmr on input line 1
04.
(/Users/Sergio/Library/TinyTeX/texmf-dist/tex/latex/lm/ot1lmr.fd
File: ot1lmr.fd 2015/05/01 v1.6.1 Font defs for Latin Modern
)
LaTeX Font Info:    Trying to load font information for OML+lmm on input line 1
04.
(/Users/Sergio/Library/TinyTeX/texmf-dist/tex/latex/lm/omllmm.fd
File: omllmm.fd 2015/05/01 v1.6.1 Font defs for Latin Modern
)
LaTeX Font Info:    Trying to load font information for OMS+lmsy on input line 
104.
(/Users/Sergio/Library/TinyTeX/texmf-dist/tex/latex/lm/omslmsy.fd
File: omslmsy.fd 2015/05/01 v1.6.1 Font defs for Latin Modern
)
LaTeX Font Info:    Trying to load font information for OMX+lmex on input line 
104.
(/Users/Sergio/Library/TinyTeX/texmf-dist/tex/latex/lm/omxlmex.fd
File: omxlmex.fd 2015/05/01 v1.6.1 Font defs for Latin Modern
)
LaTeX Font Info:    External font `lmex10' loaded for size
(Font)              <12> on input line 104.
LaTeX Font Info:    External font `lmex10' loaded for size
(Font)              <8> on input line 104.
LaTeX Font Info:    External font `lmex10' loaded for size
(Font)              <6> on input line 104.
LaTeX Font Info:    Trying to load font information for U+msa on input line 104
.
(/Users/Sergio/Library/TinyTeX/texmf-dist/tex/latex/amsfonts/umsa.fd
File: umsa.fd 2013/01/14 v3.01 AMS symbols A
)
LaTeX Font Info:    Trying to load font information for U+msb on input line 104
.
(/Users/Sergio/Library/TinyTeX/texmf-dist/tex/latex/amsfonts/umsb.fd
File: umsb.fd 2013/01/14 v3.01 AMS symbols B
) (./Cas2Final2.toc
LaTeX Info: Redefining \. on input line 1.
LaTeX Info: Redefining \% on input line 1.
LaTeX Font Info:    External font `lmex10' loaded for size
(Font)              <10> on input line 4.
LaTeX Font Info:    External font `lmex10' loaded for size
(Font)              <7> on input line 4.
LaTeX Font Info:    External font `lmex10' loaded for size
(Font)              <5> on input line 4.
[1

{/Users/Sergio/Library/TinyTeX/texmf-var/fonts/map/pdftex/updmap/pdftex.map}])
\tf@toc=\write4
\openout4 = `Cas2Final2.toc'.

[2] [3] [4] [5] [6] [7]

LaTeX Warning: Command \textellipsis invalid in math mode on input line 264.


LaTeX Warning: Command \textellipsis invalid in math mode on input line 264.


LaTeX Warning: Command \textellipsis invalid in math mode on input line 275.


LaTeX Warning: Command \textellipsis invalid in math mode on input line 275.


LaTeX Warning: Command \textellipsis invalid in math mode on input line 283.


LaTeX Warning: Command \textellipsis invalid in math mode on input line 283.

[8]
<images/PLAN_CV_TIME_SERIES-01.png, id=248, 848.16875pt x 809.0225pt>
File: images/PLAN_CV_TIME_SERIES-01.png Graphic file (type png)
<use images/PLAN_CV_TIME_SERIES-01.png>
Package pdftex.def Info: images/PLAN_CV_TIME_SERIES-01.png  used on input line 
306.
(pdftex.def)             Requested size: 469.75563pt x 448.07462pt.
[9] [10pdfTeX warning (ext4): destination with the same identifier (name{figure
.1}) has been already used, duplicate ignored
<argument> ...shipout:D \box_use:N \l_shipout_box 
                                                  \__shipout_drop_firstpage_...
l.331 
       <./images/PLAN_CV_TIME_SERIES-01.png>]
<images/DIST VALORES EXTREMOS.png, id=268, 603.25375pt x 242.9075pt>
File: images/DIST VALORES EXTREMOS.png Graphic file (type png)
<use images/DIST VALORES EXTREMOS.png>
Package pdftex.def Info: images/DIST VALORES EXTREMOS.png  used on input line 3
46.
(pdftex.def)             Requested size: 469.75362pt x 189.15202pt.
[11pdfTeX warning (ext4): destination with the same identifier (name{figure.2})
 has been already used, duplicate ignored
<argument> ...shipout:D \box_use:N \l_shipout_box 
                                                  \__shipout_drop_firstpage_...
l.356 
       <./images/DIST VALORES EXTREMOS.png>]
<Cas2Final2_files/figure-latex/evolucionserie-1.pdf, id=282, 562.1pt x 277.035p
t>
File: Cas2Final2_files/figure-latex/evolucionserie-1.pdf Graphic file (type pdf
)
<use Cas2Final2_files/figure-latex/evolucionserie-1.pdf>
Package pdftex.def Info: Cas2Final2_files/figure-latex/evolucionserie-1.pdf  us
ed on input line 364.
(pdftex.def)             Requested size: 469.75067pt x 231.51996pt.
[12pdfTeX warning (ext4): destination with the same identifier (name{figure.3})
 has been already used, duplicate ignored
<argument> ...shipout:D \box_use:N \l_shipout_box 
                                                  \__shipout_drop_firstpage_...
l.379 
       <./Cas2Final2_files/figure-latex/evolucionserie-1.pdf>]
LaTeX Font Info:    Trying to load font information for TS1+lmr on input line 3
82.
(/Users/Sergio/Library/TinyTeX/texmf-dist/tex/latex/lm/ts1lmr.fd
File: ts1lmr.fd 2015/05/01 v1.6.1 Font defs for Latin Modern
)
<Cas2Final2_files/figure-latex/estacionalidad-1.pdf, id=306, 568.1225pt x 277.0
35pt>
File: Cas2Final2_files/figure-latex/estacionalidad-1.pdf Graphic file (type pdf
)
<use Cas2Final2_files/figure-latex/estacionalidad-1.pdf>
Package pdftex.def Info: Cas2Final2_files/figure-latex/estacionalidad-1.pdf  us
ed on input line 411.
(pdftex.def)             Requested size: 469.7731pt x 229.07663pt.
[13]
<Cas2Final2_files/figure-latex/descomposicionplotanexo-1.pdf, id=326, 555.07375
pt x 277.035pt>
File: Cas2Final2_files/figure-latex/descomposicionplotanexo-1.pdf Graphic file 
(type pdf)
<use Cas2Final2_files/figure-latex/descomposicionplotanexo-1.pdf>
Package pdftex.def Info: Cas2Final2_files/figure-latex/descomposicionplotanexo-
1.pdf  used on input line 423.
(pdftex.def)             Requested size: 469.75674pt x 234.45364pt.
[14pdfTeX warning (ext4): destination with the same identifier (name{figure.4})
 has been already used, duplicate ignored
<argument> ...shipout:D \box_use:N \l_shipout_box 
                                                  \__shipout_drop_firstpage_...
l.430 
       <./Cas2Final2_files/figure-latex/estacionalidad-1.pdf>]
<Cas2Final2_files/figure-latex/irregularcrc-1.pdf, id=340, 571.13374pt x 277.03
5pt>
File: Cas2Final2_files/figure-latex/irregularcrc-1.pdf Graphic file (type pdf)
<use Cas2Final2_files/figure-latex/irregularcrc-1.pdf>
Package pdftex.def Info: Cas2Final2_files/figure-latex/irregularcrc-1.pdf  used
 on input line 435.
(pdftex.def)             Requested size: 469.75322pt x 227.85919pt.
[15pdfTeX warning (ext4): destination with the same identifier (name{figure.5})
 has been already used, duplicate ignored
<argument> ...shipout:D \box_use:N \l_shipout_box 
                                                  \__shipout_drop_firstpage_...
l.444 
      pdfTeX warning (ext4): destination with the same identifier (name{figure.
6}) has been already used, duplicate ignored
<argument> ...shipout:D \box_use:N \l_shipout_box 
                                                  \__shipout_drop_firstpage_...
l.444 
       <./Cas2Final2_files/figure-latex/descomposicionplotanexo-1.pdf> <./Cas2F
inal2_files/figure-latex/irregularcrc-1.pdf>]
<Cas2Final2_files/figure-latex/acfpacfseriescrc-1.pdf, id=362, 564.1075pt x 281
.05pt>
File: Cas2Final2_files/figure-latex/acfpacfseriescrc-1.pdf Graphic file (type p
df)
<use Cas2Final2_files/figure-latex/acfpacfseriescrc-1.pdf>
Package pdftex.def Info: Cas2Final2_files/figure-latex/acfpacfseriescrc-1.pdf  
used on input line 447.
(pdftex.def)             Requested size: 469.75845pt x 234.04335pt.
<Cas2Final2_files/figure-latex/acfpacfseriesusd-1.pdf, id=363, 564.1075pt x 281
.05pt>
File: Cas2Final2_files/figure-latex/acfpacfseriesusd-1.pdf Graphic file (type p
df)
<use Cas2Final2_files/figure-latex/acfpacfseriesusd-1.pdf>
Package pdftex.def Info: Cas2Final2_files/figure-latex/acfpacfseriesusd-1.pdf  
used on input line 456.
(pdftex.def)             Requested size: 469.75845pt x 234.04335pt.
[16pdfTeX warning (ext4): destination with the same identifier (name{figure.7})
 has been already used, duplicate ignored
<argument> ...shipout:D \box_use:N \l_shipout_box 
                                                  \__shipout_drop_firstpage_...
l.462 
       <./Cas2Final2_files/figure-latex/acfpacfseriescrc-1.pdf>]

LaTeX Warning: Reference `fig:variabilidadseries' on page 17 undefined on input
 line 465.

<Cas2Final2_files/figure-latex/variabilidadseries -1.pdf, id=378, 568.1225pt x 
277.035pt>
File: Cas2Final2_files/figure-latex/variabilidadseries -1.pdf Graphic file (typ
e pdf)
<use Cas2Final2_files/figure-latex/variabilidadseries -1.pdf>
Package pdftex.def Info: Cas2Final2_files/figure-latex/variabilidadseries -1.pd
f  used on input line 469.
(pdftex.def)             Requested size: 469.7731pt x 229.07663pt.
[17pdfTeX warning (ext4): destination with the same identifier (name{figure.8})
 has been already used, duplicate ignored
<argument> ...shipout:D \box_use:N \l_shipout_box 
                                                  \__shipout_drop_firstpage_...
l.475 
       <./Cas2Final2_files/figure-latex/acfpacfseriesusd-1.pdf>]
<Cas2Final2_files/figure-latex/plot arima final crc-1.pdf, id=391, 573.14125pt 
x 270.00874pt>
File: Cas2Final2_files/figure-latex/plot arima final crc-1.pdf Graphic file (ty
pe pdf)
<use Cas2Final2_files/figure-latex/plot arima final crc-1.pdf>
Package pdftex.def Info: Cas2Final2_files/figure-latex/plot arima final crc-1.p
df  used on input line 492.
(pdftex.def)             Requested size: 469.76022pt x 221.30559pt.
[18pdfTeX warning (ext4): destination with the same identifier (name{figure.9})
 has been already used, duplicate ignored
<argument> ...shipout:D \box_use:N \l_shipout_box 
                                                  \__shipout_drop_firstpage_...
l.499 
       <./Cas2Final2_files/figure-latex/variabilidadseries -1.pdf>]
<Cas2Final2_files/figure-latex/plot arima final usd-1.pdf, id=406, 572.1375pt x
 270.00874pt>
File: Cas2Final2_files/figure-latex/plot arima final usd-1.pdf Graphic file (ty
pe pdf)
<use Cas2Final2_files/figure-latex/plot arima final usd-1.pdf>
Package pdftex.def Info: Cas2Final2_files/figure-latex/plot arima final usd-1.p
df  used on input line 506.
(pdftex.def)             Requested size: 469.75816pt x 221.69287pt.
[19pdfTeX warning (ext4): destination with the same identifier (name{figure.10}
) has been already used, duplicate ignored
<argument> ...shipout:D \box_use:N \l_shipout_box 
                                                  \__shipout_drop_firstpage_...
l.513 
       <./Cas2Final2_files/figure-latex/plot arima final crc-1.pdf>]
<Cas2Final2_files/figure-latex/plot tar final crc-1.pdf, id=420, 573.14125pt x 
270.00874pt>
File: Cas2Final2_files/figure-latex/plot tar final crc-1.pdf Graphic file (type
 pdf)
<use Cas2Final2_files/figure-latex/plot tar final crc-1.pdf>
Package pdftex.def Info: Cas2Final2_files/figure-latex/plot tar final crc-1.pdf
  used on input line 531.
(pdftex.def)             Requested size: 469.76022pt x 221.30559pt.
[20pdfTeX warning (ext4): destination with the same identifier (name{figure.11}
) has been already used, duplicate ignored
<argument> ...shipout:D \box_use:N \l_shipout_box 
                                                  \__shipout_drop_firstpage_...
l.538 
       <./Cas2Final2_files/figure-latex/plot arima final usd-1.pdf>]
<Cas2Final2_files/figure-latex/plot setar final usd-1.pdf, id=434, 572.1375pt x
 270.00874pt>
File: Cas2Final2_files/figure-latex/plot setar final usd-1.pdf Graphic file (ty
pe pdf)
<use Cas2Final2_files/figure-latex/plot setar final usd-1.pdf>
Package pdftex.def Info: Cas2Final2_files/figure-latex/plot setar final usd-1.p
df  used on input line 554.
(pdftex.def)             Requested size: 469.75816pt x 221.69287pt.
[21pdfTeX warning (ext4): destination with the same identifier (name{figure.12}
) has been already used, duplicate ignored
<argument> ...shipout:D \box_use:N \l_shipout_box 
                                                  \__shipout_drop_firstpage_...
l.561 
       <./Cas2Final2_files/figure-latex/plot tar final crc-1.pdf>]
<Cas2Final2_files/figure-latex/crcEvaluatetheResults-1.pdf, id=449, 555.07375pt
 x 273.02pt>
File: Cas2Final2_files/figure-latex/crcEvaluatetheResults-1.pdf Graphic file (t
ype pdf)
<use Cas2Final2_files/figure-latex/crcEvaluatetheResults-1.pdf>
Package pdftex.def Info: Cas2Final2_files/figure-latex/crcEvaluatetheResults-1.
pdf  used on input line 577.
(pdftex.def)             Requested size: 469.75674pt x 231.05577pt.
[22pdfTeX warning (ext4): destination with the same identifier (name{figure.13}
) has been already used, duplicate ignored
<argument> ...shipout:D \box_use:N \l_shipout_box 
                                                  \__shipout_drop_firstpage_...
l.584 
       <./Cas2Final2_files/figure-latex/plot setar final usd-1.pdf>]
<Cas2Final2_files/figure-latex/crcEnsembleTestForecast-1.pdf, id=465, 578.16pt 
x 272.01625pt>
File: Cas2Final2_files/figure-latex/crcEnsembleTestForecast-1.pdf Graphic file 
(type pdf)
<use Cas2Final2_files/figure-latex/crcEnsembleTestForecast-1.pdf>
Package pdftex.def Info: Cas2Final2_files/figure-latex/crcEnsembleTestForecast-
1.pdf  used on input line 589.
(pdftex.def)             Requested size: 469.75385pt x 221.01265pt.

LaTeX Warning: Reference `fig:crcVisualizeEnsembleForecast' on page 23 undefine
d on input line 597.

[23pdfTeX warning (ext4): destination with the same identifier (name{figure.14}
) has been already used, duplicate ignored
<argument> ...shipout:D \box_use:N \l_shipout_box 
                                                  \__shipout_drop_firstpage_...
l.598 
      pdfTeX warning (ext4): destination with the same identifier (name{figure.
15}) has been already used, duplicate ignored
<argument> ...shipout:D \box_use:N \l_shipout_box 
                                                  \__shipout_drop_firstpage_...
l.598 
       <./Cas2Final2_files/figure-latex/crcEvaluatetheResults-1.pdf> <./Cas2Fin
al2_files/figure-latex/crcEnsembleTestForecast-1.pdf>]
<Cas2Final2_files/figure-latex/crcvisualizacionmodeloml-1.pdf, id=492, 554.07pt
 x 272.01625pt>
File: Cas2Final2_files/figure-latex/crcvisualizacionmodeloml-1.pdf Graphic file
 (type pdf)
<use Cas2Final2_files/figure-latex/crcvisualizacionmodeloml-1.pdf>
Package pdftex.def Info: Cas2Final2_files/figure-latex/crcvisualizacionmodeloml
-1.pdf  used on input line 601.
(pdftex.def)             Requested size: 469.75275pt x 230.62135pt.
<Cas2Final2_files/figure-latex/USD Visualize test forecast-1.pdf, id=493, 560.0
925pt x 272.01625pt>
File: Cas2Final2_files/figure-latex/USD Visualize test forecast-1.pdf Graphic f
ile (type pdf)
<use Cas2Final2_files/figure-latex/USD Visualize test forecast-1.pdf>
Package pdftex.def Info: Cas2Final2_files/figure-latex/USD Visualize test forec
ast-1.pdf  used on input line 608.
(pdftex.def)             Requested size: 469.77368pt x 228.15173pt.
[24pdfTeX warning (ext4): destination with the same identifier (name{figure.16}
) has been already used, duplicate ignored
<argument> ...shipout:D \box_use:N \l_shipout_box 
                                                  \__shipout_drop_firstpage_...
l.611 
       <./Cas2Final2_files/figure-latex/crcvisualizacionmodeloml-1.pdf> <./Cas2
Final2_files/figure-latex/USD Visualize test forecast-1.pdf>]
<Cas2Final2_files/figure-latex/USDEvaluatetheResults-1.pdf, id=521, 555.07375pt
 x 273.02pt>
File: Cas2Final2_files/figure-latex/USDEvaluatetheResults-1.pdf Graphic file (t
ype pdf)
<use Cas2Final2_files/figure-latex/USDEvaluatetheResults-1.pdf>
Package pdftex.def Info: Cas2Final2_files/figure-latex/USDEvaluatetheResults-1.
pdf  used on input line 614.
(pdftex.def)             Requested size: 469.75674pt x 231.05577pt.
<Cas2Final2_files/figure-latex/USDEnsembleTestForecast-1.pdf, id=523, 578.16pt 
x 272.01625pt>
File: Cas2Final2_files/figure-latex/USDEnsembleTestForecast-1.pdf Graphic file 
(type pdf)
<use Cas2Final2_files/figure-latex/USDEnsembleTestForecast-1.pdf>
Package pdftex.def Info: Cas2Final2_files/figure-latex/USDEnsembleTestForecast-
1.pdf  used on input line 626.
(pdftex.def)             Requested size: 469.75385pt x 221.01265pt.
[25pdfTeX warning (ext4): destination with the same identifier (name{figure.17}
) has been already used, duplicate ignored
<argument> ...shipout:D \box_use:N \l_shipout_box 
                                                  \__shipout_drop_firstpage_...
l.633 
       <./Cas2Final2_files/figure-latex/USDEvaluatetheResults-1.pdf>]
<Cas2Final2_files/figure-latex/USDvisualizacionmodeloml-1.pdf, id=542, 555.0737
5pt x 272.01625pt>
File: Cas2Final2_files/figure-latex/USDvisualizacionmodeloml-1.pdf Graphic file
 (type pdf)
<use Cas2Final2_files/figure-latex/USDvisualizacionmodeloml-1.pdf>
Package pdftex.def Info: Cas2Final2_files/figure-latex/USDvisualizacionmodeloml
-1.pdf  used on input line 638.
(pdftex.def)             Requested size: 469.75674pt x 230.2063pt.
<Cas2Final2_files/figure-latex/USDVisualizeEnsembleForecast-1.pdf, id=543, 578.
16pt x 270.00874pt>
File: Cas2Final2_files/figure-latex/USDVisualizeEnsembleForecast-1.pdf Graphic 
file (type pdf)
<use Cas2Final2_files/figure-latex/USDVisualizeEnsembleForecast-1.pdf>
Package pdftex.def Info: Cas2Final2_files/figure-latex/USDVisualizeEnsembleFore
cast-1.pdf  used on input line 648.
(pdftex.def)             Requested size: 469.75385pt x 219.38155pt.
[26pdfTeX warning (ext4): destination with the same identifier (name{figure.18}
) has been already used, duplicate ignored
<argument> ...shipout:D \box_use:N \l_shipout_box 
                                                  \__shipout_drop_firstpage_...
l.654 
      pdfTeX warning (ext4): destination with the same identifier (name{figure.
19}) has been already used, duplicate ignored
<argument> ...shipout:D \box_use:N \l_shipout_box 
                                                  \__shipout_drop_firstpage_...
l.654 
       <./Cas2Final2_files/figure-latex/USDEnsembleTestForecast-1.pdf> <./Cas2F
inal2_files/figure-latex/USDvisualizacionmodeloml-1.pdf>]
<Cas2Final2_files/figure-latex/histpt-1.pdf, id=570, 568.1225pt x 277.035pt>
File: Cas2Final2_files/figure-latex/histpt-1.pdf Graphic file (type pdf)
<use Cas2Final2_files/figure-latex/histpt-1.pdf>
Package pdftex.def Info: Cas2Final2_files/figure-latex/histpt-1.pdf  used on in
put line 736.
(pdftex.def)             Requested size: 469.7731pt x 229.07663pt.
[27pdfTeX warning (ext4): destination with the same identifier (name{figure.20}
) has been already used, duplicate ignored
<argument> ...shipout:D \box_use:N \l_shipout_box 
                                                  \__shipout_drop_firstpage_...
l.742 
       <./Cas2Final2_files/figure-latex/USDVisualizeEnsembleForecast-1.pdf>]
LaTeX Font Info:    Trying to load font information for T1+lmtt on input line 7
47.
(/Users/Sergio/Library/TinyTeX/texmf-dist/tex/latex/lm/t1lmtt.fd
File: t1lmtt.fd 2015/05/01 v1.6.1 Font defs for Latin Modern
) [28pdfTeX warning (ext4): destination with the same identifier (name{figure.2
1}) has been already used, duplicate ignored
<argument> ...shipout:D \box_use:N \l_shipout_box 
                                                  \__shipout_drop_firstpage_...
l.799 \end{verbatim}
                     <./Cas2Final2_files/figure-latex/histpt-1.pdf>]
<Cas2Final2_files/figure-latex/usd_pt-1.pdf, id=598, 546.04pt x 212.795pt>
File: Cas2Final2_files/figure-latex/usd_pt-1.pdf Graphic file (type pdf)
<use Cas2Final2_files/figure-latex/usd_pt-1.pdf>
Package pdftex.def Info: Cas2Final2_files/figure-latex/usd_pt-1.pdf  used on in
put line 801.
(pdftex.def)             Requested size: 469.76022pt x 183.0683pt.
[29]
<Cas2Final2_files/figure-latex/usd_pt-2.pdf, id=603, 537.00626pt x 249.93375pt>

File: Cas2Final2_files/figure-latex/usd_pt-2.pdf Graphic file (type pdf)
<use Cas2Final2_files/figure-latex/usd_pt-2.pdf>
Package pdftex.def Info: Cas2Final2_files/figure-latex/usd_pt-2.pdf  used on in
put line 803.
(pdftex.def)             Requested size: 469.75641pt x 218.63428pt.
[30 <./Cas2Final2_files/figure-latex/usd_pt-1.pdf> <./Cas2Final2_files/figure-l
atex/usd_pt-2.pdf>] [31]
<Cas2Final2_files/figure-latex/usd_pt-3.pdf, id=628, 574.145pt x 215.80624pt>
File: Cas2Final2_files/figure-latex/usd_pt-3.pdf Graphic file (type pdf)
<use Cas2Final2_files/figure-latex/usd_pt-3.pdf>
Package pdftex.def Info: Cas2Final2_files/figure-latex/usd_pt-3.pdf  used on in
put line 885.
(pdftex.def)             Requested size: 469.76819pt x 176.57368pt.
[32] [33 <./Cas2Final2_files/figure-latex/usd_pt-3.pdf>]
<Cas2Final2_files/figure-latex/plotoutlier-1.pdf, id=646, 557.08125pt x 240.9pt
>
File: Cas2Final2_files/figure-latex/plotoutlier-1.pdf Graphic file (type pdf)
<use Cas2Final2_files/figure-latex/plotoutlier-1.pdf>
Package pdftex.def Info: Cas2Final2_files/figure-latex/plotoutlier-1.pdf  used 
on input line 931.
(pdftex.def)             Requested size: 469.76414pt x 203.14124pt.
[34pdfTeX warning (ext4): destination with the same identifier (name{figure.22}
) has been already used, duplicate ignored
<argument> ...shipout:D \box_use:N \l_shipout_box 
                                                  \__shipout_drop_firstpage_...
l.975 
       <./Cas2Final2_files/figure-latex/plotoutlier-1.pdf>] [35] (./Cas2Final2.
aux
LaTeX Info: Redefining \. on input line 25.
LaTeX Info: Redefining \% on input line 25.
)

LaTeX Warning: There were undefined references.

Package rerunfilecheck Info: File `Cas2Final2.out' has not changed.
(rerunfilecheck)             Checksum: 261F0F8221889B11DF1C3D58B98DBB3E;4229.
 ) 
Here is how much of TeX's memory you used:
 14724 strings out of 480229
 247249 string characters out of 5894357
 648077 words of memory out of 5000000
 32231 multiletter control sequences out of 15000+600000
 533099 words of font info for 74 fonts, out of 8000000 for 9000
 14 hyphenation exceptions out of 8191
 68i,15n,77p,856b,645s stack positions out of 5000i,500n,10000p,200000b,80000s
pdfTeX warning (dest): name{Hfootnote.5} has been referenced but does not exi
st, replaced by a fixed one

pdfTeX warning (dest): name{Hfootnote.4} has been referenced but does not exist
, replaced by a fixed one

pdfTeX warning (dest): name{Hfootnote.3} has been referenced but does not exist
, replaced by a fixed one

pdfTeX warning (dest): name{Hfootnote.2} has been referenced but does not exist
, replaced by a fixed one

pdfTeX warning (dest): name{Hfootnote.1} has been referenced but does not exist
, replaced by a fixed one

{/Users/Sergio/Library/TinyTeX/texmf-dist/fonts/enc/dvips/lm/lm-ec.enc}{/Users/
Sergio/Library/TinyTeX/texmf-dist/fonts/enc/dvips/lm/lm-ts1.enc}{/Users/Sergio/
Library/TinyTeX/texmf-dist/fonts/enc/dvips/lm/lm-mathsy.enc}{/Users/Sergio/Libr
ary/TinyTeX/texmf-dist/fonts/enc/dvips/lm/lm-rm.enc}{/Users/Sergio/Library/Tiny
TeX/texmf-dist/fonts/enc/dvips/lm/lm-mathex.enc}{/Users/Sergio/Library/TinyTeX/
texmf-dist/fonts/enc/dvips/lm/lm-mathit.enc}</Users/Sergio/Library/TinyTeX/texm
f-dist/fonts/type1/public/lm/lmbx10.pfb></Users/Sergio/Library/TinyTeX/texmf-di
st/fonts/type1/public/lm/lmbx12.pfb></Users/Sergio/Library/TinyTeX/texmf-dist/f
onts/type1/public/lm/lmex10.pfb></Users/Sergio/Library/TinyTeX/texmf-dist/fonts
/type1/public/lm/lmmi10.pfb></Users/Sergio/Library/TinyTeX/texmf-dist/fonts/typ
e1/public/lm/lmmi7.pfb></Users/Sergio/Library/TinyTeX/texmf-dist/fonts/type1/pu
blic/lm/lmr10.pfb></Users/Sergio/Library/TinyTeX/texmf-dist/fonts/type1/public/
lm/lmr12.pfb></Users/Sergio/Library/TinyTeX/texmf-dist/fonts/type1/public/lm/lm
r17.pfb></Users/Sergio/Library/TinyTeX/texmf-dist/fonts/type1/public/lm/lmr6.pf
b></Users/Sergio/Library/TinyTeX/texmf-dist/fonts/type1/public/lm/lmr7.pfb></Us
ers/Sergio/Library/TinyTeX/texmf-dist/fonts/type1/public/lm/lmr8.pfb></Users/Se
rgio/Library/TinyTeX/texmf-dist/fonts/type1/public/lm/lmri10.pfb></Users/Sergio
/Library/TinyTeX/texmf-dist/fonts/type1/public/lm/lmri8.pfb></Users/Sergio/Libr
ary/TinyTeX/texmf-dist/fonts/type1/public/lm/lmsy10.pfb></Users/Sergio/Library/
TinyTeX/texmf-dist/fonts/type1/public/lm/lmsy7.pfb></Users/Sergio/Library/TinyT
eX/texmf-dist/fonts/type1/public/lm/lmtt10.pfb>
Output written on Cas2Final2.pdf (35 pages, 867436 bytes).
PDF statistics:
 783 PDF objects out of 1000 (max. 8388607)
 627 compressed objects within 7 object streams
 137 named destinations out of 1000 (max. 500000)
 323 words of extra memory for PDF output out of 10000 (max. 10000000)

